#
# A fatal error has been detected by the Java Runtime Environment:
#
#  SIGSEGV (0xb) at pc=0x00007fbb06a78d22, pid=99086, tid=99087
#
# JRE version: OpenJDK Runtime Environment Temurin-17.0.5+8 (17.0.5+8) (build 17.0.5+8)
# Java VM: OpenJDK 64-Bit Server VM Temurin-17.0.5+8 (17.0.5+8, mixed mode, tiered, compressed oops, compressed class ptrs, parallel gc, linux-amd64)
# Problematic frame:
# J 626 c1 java.lang.StringBuilder.append(Ljava/lang/String;)Ljava/lang/AbstractStringBuilder; java.base@17.0.5 (6 bytes) @ 0x00007fbb06a78d22 [0x00007fbb06a78cc0+0x0000000000000062]
#
# Core dump will be written. Default location: Core dumps may be processed with "/usr/share/apport/apport -p%p -s%s -c%c -d%d -P%P -u%u -g%g -- %E" (or dumping to /home/usama/AntMedia/StreamApp/core.99086)
#
# If you would like to submit a bug report, please visit:
#   https://github.com/adoptium/adoptium-support/issues
#

---------------  S U M M A R Y ------------

Command Line: --add-modules=ALL-SYSTEM --add-opens=java.base/java.util=ALL-UNNAMED --add-opens=java.base/java.lang=ALL-UNNAMED --add-opens=java.base/sun.nio.fs=ALL-UNNAMED -Declipse.application=org.eclipse.jdt.ls.core.id1 -Dosgi.bundles.defaultStartLevel=4 -Declipse.product=org.eclipse.jdt.ls.core.product -Djava.import.generatesMetadataFilesAtProjectRoot=false -Dfile.encoding=utf8 -XX:+UseParallelGC -XX:GCTimeRatio=4 -XX:AdaptiveSizePolicyWeight=90 -Dsun.zip.disableMemoryMapping=true -Xmx1G -Xms100m -Xlog:disable -javaagent:/home/usama/.vscode/extensions/redhat.java-1.14.0-linux-x64/lombok/lombok-1.18.24.jar /home/usama/.vscode/extensions/redhat.java-1.14.0-linux-x64/server/plugins/org.eclipse.equinox.launcher_1.6.400.v20210924-0641.jar -configuration /home/usama/.config/Code/User/globalStorage/redhat.java/1.14.0/config_ss_linux -data /home/usama/.config/Code/User/workspaceStorage/151e6bd1c1d25437f61939813e1a720e/redhat.java/ss_ws

Host: Intel(R) Core(TM) i3-6100 CPU @ 3.70GHz, 4 cores, 11G, Ubuntu 22.04.1 LTS
Time: Tue Feb 14 18:42:56 2023 IST elapsed time: 7.845549 seconds (0d 0h 0m 7s)

---------------  T H R E A D  ---------------

Current thread (0x00007fbb18027830):  JavaThread "main" [_thread_in_Java, id=99087, stack(0x00007fbb1dbda000,0x00007fbb1dcda000)]

Stack: [0x00007fbb1dbda000,0x00007fbb1dcda000],  sp=0x00007fbb1dcd6698,  free space=1009k
Native frames: (J=compiled Java code, j=interpreted, Vv=VM code, C=native code)
J 626 c1 java.lang.StringBuilder.append(Ljava/lang/String;)Ljava/lang/AbstractStringBuilder; java.base@17.0.5 (6 bytes) @ 0x00007fbb06a78d22 [0x00007fbb06a78cc0+0x0000000000000062]

[error occurred during error reporting (printing native stack), id 0xb, SIGSEGV (0xb) at pc=0x00007fbb1e48c3b5]


siginfo: si_signo: 11 (SIGSEGV), si_code: 1 (SEGV_MAPERR), si_addr: 0x00000000000002a8

Register to memory mapping:

RAX=0x000000010004fae8 is a pointer to class: 
java.lang.StringBuilder {0x000000010004fae8}
 - instance size:     3
 - klass size:        142
 - access:            public final synchronized 
 - state:             fully_initialized
 - name:              'java/lang/StringBuilder'
 - super:             'java/lang/AbstractStringBuilder'
 - sub:               
 - arrays:            NULL
 - methods:           Array<T>(0x00007fbb1c899ce8)
 - method ordering:   Array<T>(0x00007fbb1c800018)
 - default_methods:   Array<T>(0x00007fbb1c89d6b0)
 - default vtable indices:   Array<T>(0x00007fbb1c89d6c0)
 - local interfaces:  Array<T>(0x00007fbb1c899cb0)
 - trans. interfaces: Array<T>(0x00007fbb1c89d688)
 - constants:         constant pool [371] {0x00007fbb1c899058} for 'java/lang/StringBuilder' cache=0x00007fbb1ca1a940
 - class loader data:  loader data: 0x00007fbb18029ba0 of 'bootstrap'
 - class annotations:       Array<T>(0x0000000000000000)
 - class type annotations:  Array<T>(0x0000000000000000)
 - field annotations:       Array<T>(0x0000000000000000)
 - field type annotations:  Array<T>(0x0000000000000000)
 - generic signature: 'Ljava/lang/AbstractStringBuilder;Ljava/io/Serializable;Ljava/lang/Comparable<Ljava/lang/StringBuilder;>;Ljava/lang/CharSequence;'
 - inner classes:     Array<T>(0x00007fbb1c800028)
 - nest members:     Array<T>(0x00007fbb1c800028)
 - permitted subclasses:     Array<T>(0x00007fbb1c800028)
 - java mirror:       a 'java/lang/Class'{0x00000000c06a09f8} = 'java/lang/StringBuilder'
 - vtable length      64  (start addr: 0x000000010004fcb8)
 - itable length      19 (start addr: 0x000000010004feb8)
 - ---- static fields (1 words):
 - static final 'serialVersionUID' 'J' @112 
 - ---- non-static fields (3 words):
 - 'count' 'I' @12 
 - 'coder' 'B' @16 
 - 'value' '[B' @20 
 - non-static oop maps: 20-20 
RBX=0x0000000000000170 is an unknown value
RCX=536903932 is a compressed pointer to class: 0x00000001000407e0
RDX=0x000000004800007f is an unknown value
RSP=0x00007fbb1dcd6698 is pointing into the stack for thread: 0x00007fbb18027830
RBP=0x00007fbb1dcd6808 is pointing into the stack for thread: 0x00007fbb18027830
RSI=0x00000000eb79d7a8 is an oop: java.lang.StringBuilder 
{0x00000000eb79d7a8} - klass: 'java/lang/StringBuilder'
 - ---- fields (total size 3 words):
 - 'count' 'I' @12  0
 - 'coder' 'B' @16  0
 - 'value' '[B' @20  [B{0x00000000eb79d7c0} (eb79d7c0)
RDI=0x00000000eb79d7a8 is an oop: java.lang.StringBuilder 
{0x00000000eb79d7a8} - klass: 'java/lang/StringBuilder'
 - ---- fields (total size 3 words):
 - 'count' 'I' @12  0
 - 'coder' 'B' @16  0
 - 'value' '[B' @20  [B{0x00000000eb79d7c0} (eb79d7c0)
R8 =0x0000000000000cf1 is an unknown value
R9 =0x00000000eb79d270 is an oop: [Ljava.lang.Object; 
{0x00000000eb79d270} - klass: 'java/lang/Object'[]
 - length: 5
R10=0x000000010004fae8 is a pointer to class: 
java.lang.StringBuilder {0x000000010004fae8}
 - instance size:     3
 - klass size:        142
 - access:            public final synchronized 
 - state:             fully_initialized
 - name:              'java/lang/StringBuilder'
 - super:             'java/lang/AbstractStringBuilder'
 - sub:               
 - arrays:            NULL
 - methods:           Array<T>(0x00007fbb1c899ce8)
 - method ordering:   Array<T>(0x00007fbb1c800018)
 - default_methods:   Array<T>(0x00007fbb1c89d6b0)
 - default vtable indices:   Array<T>(0x00007fbb1c89d6c0)
 - local interfaces:  Array<T>(0x00007fbb1c899cb0)
 - trans. interfaces: Array<T>(0x00007fbb1c89d688)
 - constants:         constant pool [371] {0x00007fbb1c899058} for 'java/lang/StringBuilder' cache=0x00007fbb1ca1a940
 - class loader data:  loader data: 0x00007fbb18029ba0 of 'bootstrap'
 - class annotations:       Array<T>(0x0000000000000000)
 - class type annotations:  Array<T>(0x0000000000000000)
 - field annotations:       Array<T>(0x0000000000000000)
 - field type annotations:  Array<T>(0x0000000000000000)
 - generic signature: 'Ljava/lang/AbstractStringBuilder;Ljava/io/Serializable;Ljava/lang/Comparable<Ljava/lang/StringBuilder;>;Ljava/lang/CharSequence;'
 - inner classes:     Array<T>(0x00007fbb1c800028)
 - nest members:     Array<T>(0x00007fbb1c800028)
 - permitted subclasses:     Array<T>(0x00007fbb1c800028)
 - java mirror:       a 'java/lang/Class'{0x00000000c06a09f8} = 'java/lang/StringBuilder'
 - vtable length      64  (start addr: 0x000000010004fcb8)
 - itable length      19 (start addr: 0x000000010004feb8)
 - ---- static fields (1 words):
 - static final 'serialVersionUID' 'J' @112 
 - ---- non-static fields (3 words):
 - 'count' 'I' @12 
 - 'coder' 'B' @16 
 - 'value' '[B' @20 
 - non-static oop maps: 20-20 
R11=0x00007fbb06a75160 is at entry_point+32 in (nmethod*)0x00007fbb06a74f90
R12=0x0 is NULL
R13=0x00007fbb1dcd67a8 is pointing into the stack for thread: 0x00007fbb18027830
R14=0x00007fbb1dcd6860 is pointing into the stack for thread: 0x00007fbb18027830
R15=0x00007fbb18027830 is a thread


Registers:
RAX=0x000000010004fae8, RBX=0x0000000000000170, RCX=0x00000000200080fc, RDX=0x000000004800007f
RSP=0x00007fbb1dcd6698, RBP=0x00007fbb1dcd6808, RSI=0x00000000eb79d7a8, RDI=0x00000000eb79d7a8
R8 =0x0000000000000cf1, R9 =0x00000000eb79d270, R10=0x000000010004fae8, R11=0x00007fbb06a75160
R12=0x0000000000000000, R13=0x00007fbb1dcd67a8, R14=0x00007fbb1dcd6860, R15=0x00007fbb18027830
RIP=0x00007fbb06a78d22, EFLAGS=0x0000000000010602, CSGSFS=0x002b000000000033, ERR=0x0000000000000006
  TRAPNO=0x000000000000000e

Top of Stack: (sp=0x00007fbb1dcd6698)
0x00007fbb1dcd6698:   ffffffffd12420bb 00000000eb79d078
0x00007fbb1dcd66a8:   0000000000000029 00007fbb18027ad8
0x00007fbb1dcd66b8:   00007fbb1dcd6700 00007fbb1dcd67d0
0x00007fbb1dcd66c8:   00007fbb1dcd6700 00007fbb1dcd67c0 

Instructions: (pc=0x00007fbb06a78d22)
0x00007fbb06a78c22:   00 00 e8 03 00 00 e8 03 00 00 e8 03 00 00 e8 03
0x00007fbb06a78c32:   00 00 e8 03 00 00 e8 03 00 00 38 00 00 00 72 02
0x00007fbb06a78c42:   00 00 03 00 00 00 00 00 00 00 02 00 00 00 00 00
0x00007fbb06a78c52:   00 00 00 00 00 00 00 00 00 00 00 00 00 00 e0 01
0x00007fbb06a78c62:   00 00 04 00 00 00 ff ff ff ff ff ff ff ff 0b 60
0x00007fbb06a78c72:   21 c0 2b c0 12 c0 2b c0 23 34 0f b0 0e c0 17 64
0x00007fbb06a78c82:   0a c0 17 64 50 f0 0a 80 11 64 29 64 10 00 01 f8
0x00007fbb06a78c92:   49 ff 05 50 00 c0 0a 64 05 64 03 f8 d4 1e d2 b6
0x00007fbb06a78ca2:   bb 7f 05 70 0e 64 01 f8 4e ff 06 90 0c 64 00 00
0x00007fbb06a78cb2:   00 00 00 00 00 00 00 00 00 00 00 00 00 00 44 8b
0x00007fbb06a78cc2:   56 08 49 c1 e2 03 4c 3b d0 0f 85 af 17 9c ff 66
0x00007fbb06a78cd2:   66 66 0f 1f 84 00 00 00 00 00 66 66 66 90 89 84
0x00007fbb06a78ce2:   24 00 c0 fe ff 55 48 83 ec 40 48 bf 20 24 d1 fd
0x00007fbb06a78cf2:   ba 7f 00 00 8b 9f f4 00 00 00 83 c3 02 89 9f f4
0x00007fbb06a78d02:   00 00 00 81 e3 fe 07 00 00 83 fb 00 0f 84 80 00
0x00007fbb06a78d12:   00 00 48 8b fe 48 bb 20 24 d1 fd ba 7f 00 00 48
0x00007fbb06a78d22:   83 83 38 01 00 00 01 48 bf f8 c6 be 1c bb 7f 00
0x00007fbb06a78d32:   00 8b 9f f4 00 00 00 83 c3 02 89 9f f4 00 00 00
0x00007fbb06a78d42:   81 e3 fe ff 1f 00 83 fb 00 0f 84 64 00 00 00 48
0x00007fbb06a78d52:   8b fe 48 bb f8 c6 be 1c bb 7f 00 00 48 83 83 38
0x00007fbb06a78d62:   01 00 00 01 48 8b fe 48 8b f7 48 89 7c 24 30 66
0x00007fbb06a78d72:   0f 1f 44 00 00 e8 e4 6a 49 07 48 8b 44 24 30 48
0x00007fbb06a78d82:   83 c4 40 5d 49 3b a7 40 03 00 00 0f 87 43 00 00
0x00007fbb06a78d92:   00 c3 49 ba 50 cc 89 1c bb 7f 00 00 4c 89 54 24
0x00007fbb06a78da2:   08 48 c7 04 24 ff ff ff ff e8 d0 bb a6 ff e9 5f
0x00007fbb06a78db2:   ff ff ff 49 ba c8 a3 89 1c bb 7f 00 00 4c 89 54
0x00007fbb06a78dc2:   24 08 48 c7 04 24 ff ff ff ff e8 af bb a6 ff e9
0x00007fbb06a78dd2:   7b ff ff ff 49 ba 86 8d a7 06 bb 7f 00 00 4d 89
0x00007fbb06a78de2:   97 58 03 00 00 e9 14 80 9c ff 90 90 49 8b 87 d0
0x00007fbb06a78df2:   03 00 00 49 c7 87 d0 03 00 00 00 00 00 00 49 c7
0x00007fbb06a78e02:   87 d8 03 00 00 00 00 00 00 48 83 c4 40 5d e9 eb
0x00007fbb06a78e12:   8a 9d ff f4 f4 f4 f4 f4 f4 f4 f4 f4 f4 f4 0f 1f 


Stack slot to memory mapping:
stack at sp + 0 slots: 0xffffffffd12420bb is an unknown value
stack at sp + 1 slots: 0x00000000eb79d078 is an oop: java.util.ArrayList 
{0x00000000eb79d078} - klass: 'java/util/ArrayList'
 - ---- fields (total size 3 words):
 - protected transient 'modCount' 'I' @12  1
 - private 'size' 'I' @16  1
 - transient 'elementData' '[Ljava/lang/Object;' @20  a 'java/lang/Object'[3] {0x00000000eb79d090} (eb79d090)
stack at sp + 2 slots: 0x0000000000000029 is an unknown value
stack at sp + 3 slots: 0x00007fbb18027ad8 points into unknown readable memory: 0x00007fbb1f07c4a0 | a0 c4 07 1f bb 7f 00 00
stack at sp + 4 slots: 0x00007fbb1dcd6700 is pointing into the stack for thread: 0x00007fbb18027830
stack at sp + 5 slots: 0x00007fbb1dcd67d0 is pointing into the stack for thread: 0x00007fbb18027830
stack at sp + 6 slots: 0x00007fbb1dcd6700 is pointing into the stack for thread: 0x00007fbb18027830
stack at sp + 7 slots: 0x00007fbb1dcd67c0 is pointing into the stack for thread: 0x00007fbb18027830

--------------------------------------------------------------------------------
[Constant Pool (empty)]

--------------------------------------------------------------------------------

[MachCode]
  0x00007fbb06a78cc0: 448b 5608 | 49c1 e203 | 4c3b d00f | 85af 179c | ff66 6666 | 0f1f 8400 | 0000 0000 | 6666 6690 
  0x00007fbb06a78ce0: 8984 2400 | c0fe ff55 | 4883 ec40 | 48bf 2024 | d1fd ba7f | 0000 8b9f | f400 0000 | 83c3 0289 
  0x00007fbb06a78d00: 9ff4 0000 | 0081 e3fe | 0700 0083 | fb00 0f84 | 8000 0000 | 488b fe48 | bb20 24d1 | fdba 7f00 
  0x00007fbb06a78d20: 0048 8383 | 3801 0000 | 0148 bff8 | c6be 1cbb | 7f00 008b | 9ff4 0000 | 0083 c302 | 899f f400 
  0x00007fbb06a78d40: 0000 81e3 | feff 1f00 | 83fb 000f | 8464 0000 | 0048 8bfe | 48bb f8c6 | be1c bb7f | 0000 4883 
  0x00007fbb06a78d60: 8338 0100 | 0001 488b | fe48 8bf7 | 4889 7c24 | 3066 0f1f | 4400 00e8 | e46a 4907 | 488b 4424 
  0x00007fbb06a78d80: 3048 83c4 | 405d 493b | a740 0300 | 000f 8743 | 0000 00c3 | 49ba 50cc | 891c bb7f | 0000 4c89 
  0x00007fbb06a78da0: 5424 0848 | c704 24ff | ffff ffe8 | d0bb a6ff | e95f ffff | ff49 bac8 | a389 1cbb | 7f00 004c 
  0x00007fbb06a78dc0: 8954 2408 | 48c7 0424 | ffff ffff | e8af bba6 | ffe9 7bff | ffff 49ba | 868d a706 | bb7f 0000 
  0x00007fbb06a78de0: 4d89 9758 | 0300 00e9 | 1480 9cff | 9090 498b | 87d0 0300 | 0049 c787 | d003 0000 | 0000 0000 
  0x00007fbb06a78e00: 49c7 87d8 | 0300 0000 | 0000 0048 | 83c4 405d | e9eb 8a9d | fff4 f4f4 | f4f4 f4f4 | f4f4 f4f4 
  0x00007fbb06a78e20: 0f1f 4400 | 0048 bb00 | 0000 0000 | 0000 00e9 | fbff ffff | e847 88a6 | ff48 bfd2 | b6d4 1ebb 
  0x00007fbb06a78e40: 7f00 0048 | 83e4 f0e8 | 0472 e417 | f449 ba4d | 8ea7 06bb | 7f00 0041 | 52e9 4272 | 9cff f4f4 
[/MachCode]
--------------------------------------------------------------------------------


---------------  P R O C E S S  ---------------

Threads class SMR info:
_java_thread_list=0x00007fbb18325cc0, length=21, elements={
0x00007fbb18027830, 0x00007fbb18162d20, 0x00007fbb18164290, 0x00007fbb1818b680,
0x00007fbb1818ef70, 0x00007fbb1818fee0, 0x00007fbb18191530, 0x00007fbb181929e0,
0x00007fbb18193e20, 0x00007fbb18211830, 0x00007fbb183084a0, 0x00007fbb183e6b50,
0x00007fbb184e4250, 0x00007fbb1852d1c0, 0x00007fbb1852fd20, 0x00007fbaa8033ae0,
0x00007fbaa80ba320, 0x00007fbaa822c6d0, 0x00007fbaa82e3b70, 0x00007fbaa82ef1b0,
0x00007fbb18325340
}

Java Threads: ( => current thread )
=>0x00007fbb18027830 JavaThread "main" [_thread_in_Java, id=99087, stack(0x00007fbb1dbda000,0x00007fbb1dcda000)]
  0x00007fbb18162d20 JavaThread "Reference Handler" daemon [_thread_blocked, id=99094, stack(0x00007fbaffafb000,0x00007fbaffbfb000)]
  0x00007fbb18164290 JavaThread "Finalizer" daemon [_thread_blocked, id=99095, stack(0x00007fbaff9fb000,0x00007fbaffafb000)]
  0x00007fbb1818b680 JavaThread "Signal Dispatcher" daemon [_thread_blocked, id=99097, stack(0x00007fbaff05f000,0x00007fbaff15f000)]
  0x00007fbb1818ef70 JavaThread "Service Thread" daemon [_thread_blocked, id=99098, stack(0x00007fbafef5f000,0x00007fbaff05f000)]
  0x00007fbb1818fee0 JavaThread "Monitor Deflation Thread" daemon [_thread_blocked, id=99099, stack(0x00007fbafee5f000,0x00007fbafef5f000)]
  0x00007fbb18191530 JavaThread "C2 CompilerThread0" daemon [_thread_blocked, id=99100, stack(0x00007fbafed5f000,0x00007fbafee5f000)]
  0x00007fbb181929e0 JavaThread "C1 CompilerThread0" daemon [_thread_blocked, id=99101, stack(0x00007fbafec5f000,0x00007fbafed5f000)]
  0x00007fbb18193e20 JavaThread "Sweeper thread" daemon [_thread_blocked, id=99102, stack(0x00007fbafeb5f000,0x00007fbafec5f000)]
  0x00007fbb18211830 JavaThread "Common-Cleaner" daemon [_thread_blocked, id=99134, stack(0x00007fbafea5f000,0x00007fbafeb5f000)]
  0x00007fbb183084a0 JavaThread "Notification Thread" daemon [_thread_blocked, id=99204, stack(0x00007fbafe95f000,0x00007fbafea5f000)]
  0x00007fbb183e6b50 JavaThread "process reaper" daemon [_thread_blocked, id=99222, stack(0x00007fbb1c0af000,0x00007fbb1c0d1000)]
  0x00007fbb184e4250 JavaThread "Active Thread: Equinox Container: ae7ad30e-61ab-4f41-9d26-8376f1ce0280" [_thread_blocked, id=99304, stack(0x00007fbafdb00000,0x00007fbafdc00000)]
  0x00007fbb1852d1c0 JavaThread "Framework Event Dispatcher: Equinox Container: ae7ad30e-61ab-4f41-9d26-8376f1ce0280" daemon [_thread_blocked, id=99311, stack(0x00007fbafda00000,0x00007fbafdb00000)]
  0x00007fbb1852fd20 JavaThread "Start Level: Equinox Container: ae7ad30e-61ab-4f41-9d26-8376f1ce0280" daemon [_thread_blocked, id=99312, stack(0x00007fbafd900000,0x00007fbafda00000)]
  0x00007fbaa8033ae0 JavaThread "SCR Component Actor" daemon [_thread_blocked, id=99317, stack(0x00007fbafe75d000,0x00007fbafe85d000)]
  0x00007fbaa80ba320 JavaThread "SCR Component Registry" daemon [_thread_blocked, id=99319, stack(0x00007fbafd500000,0x00007fbafd600000)]
  0x00007fbaa822c6d0 JavaThread "Worker-JM" [_thread_blocked, id=99325, stack(0x00007fbafd400000,0x00007fbafd500000)]
  0x00007fbaa82e3b70 JavaThread "Worker-0" [_thread_blocked, id=99366, stack(0x00007fbafcb00000,0x00007fbafcc00000)]
  0x00007fbaa82ef1b0 JavaThread "Worker-1" [_thread_blocked, id=99396, stack(0x00007fbafca00000,0x00007fbafcb00000)]
  0x00007fbb18325340 JavaThread "pool-2-thread-1" [_thread_blocked, id=99429, stack(0x00007fbafc900000,0x00007fbafca00000)]

Other Threads:
  0x00007fbb181530b0 VMThread "VM Thread" [stack: 0x00007fbaffbfd000,0x00007fbaffcfd000] [id=99093]
  0x00007fbb180725d0 WatcherThread [stack: 0x00007fbafe85f000,0x00007fbafe95f000] [id=99205]
  0x00007fbb1803f210 GCTaskThread "GC Thread#0" [stack: 0x00007fbb1d6b7000,0x00007fbb1d7b7000] [id=99090]
  0x00007fbaf8001230 GCTaskThread "GC Thread#1" [stack: 0x00007fbafe65d000,0x00007fbafe75d000] [id=99228]
  0x00007fbaf8002a00 GCTaskThread "GC Thread#2" [stack: 0x00007fbafe55b000,0x00007fbafe65b000] [id=99229]
  0x00007fbaf8003240 GCTaskThread "GC Thread#3" [stack: 0x00007fbafe459000,0x00007fbafe559000] [id=99230]

Threads with active compile tasks:

VM state: not at safepoint (normal execution)

VM Mutex/Monitor currently owned by a thread: None

Heap address: 0x00000000c0000000, size: 1024 MB, Compressed Oops mode: 32-bit

CDS archive(s) not mapped
Compressed class space mapped at: 0x0000000100000000-0x0000000140000000, reserved size: 1073741824
Narrow klass base: 0x0000000000000000, Narrow klass shift: 3, Narrow klass range: 0x140000000

GC Precious Log:
 CPUs: 4 total, 4 available
 Memory: 11883M
 Large Page Support: Disabled
 NUMA Support: Disabled
 Compressed Oops: Enabled (32-bit)
 Alignments: Space 512K, Generation 512K, Heap 2M
 Heap Min Capacity: 100M
 Heap Initial Capacity: 100M
 Heap Max Capacity: 1G
 Pre-touch: Disabled
 Parallel Workers: 4

Heap:
 PSYoungGen      total 26112K, used 14208K [0x00000000eab00000, 0x00000000ec800000, 0x0000000100000000)
  eden space 24576K, 52% used [0x00000000eab00000,0x00000000eb7b6380,0x00000000ec300000)
  from space 1536K, 77% used [0x00000000ec680000,0x00000000ec7a9d80,0x00000000ec800000)
  to   space 1536K, 0% used [0x00000000ec500000,0x00000000ec500000,0x00000000ec680000)
 ParOldGen       total 68608K, used 7159K [0x00000000c0000000, 0x00000000c4300000, 0x00000000eab00000)
  object space 68608K, 10% used [0x00000000c0000000,0x00000000c06fdd28,0x00000000c4300000)
 Metaspace       used 29949K, committed 30464K, reserved 1081344K
  class space    used 2999K, committed 3200K, reserved 1048576K

Card table byte_map: [0x00007fbb1d7b7000,0x00007fbb1d9b8000] _byte_map_base: 0x00007fbb1d1b7000

Marking Bits: (ParMarkBitMap*) 0x00007fbb1f0dc660
 Begin Bits: [0x00007fbb043ee000, 0x00007fbb053ee000)
 End Bits:   [0x00007fbb053ee000, 0x00007fbb063ee000)

Polling page: 0x00007fbb1dbd8000

Metaspace:

Usage:
  Non-class:     26.32 MB used.
      Class:      2.93 MB used.
       Both:     29.25 MB used.

Virtual space:
  Non-class space:       32.00 MB reserved,      26.62 MB ( 83%) committed,  4 nodes.
      Class space:        1.00 GB reserved,       3.12 MB ( <1%) committed,  1 nodes.
             Both:        1.03 GB reserved,      29.75 MB (  3%) committed. 

Chunk freelists:
   Non-Class:  1.42 MB
       Class:  899.00 KB
        Both:  2.30 MB

MaxMetaspaceSize: unlimited
CompressedClassSpaceSize: 1.00 GB
Initial GC threshold: 21.00 MB
Current GC threshold: 35.00 MB
CDS: off
MetaspaceReclaimPolicy: balanced
 - commit_granule_bytes: 65536.
 - commit_granule_words: 8192.
 - virtual_space_node_default_size: 1048576.
 - enlarge_chunks_in_place: 1.
 - new_chunks_are_fully_committed: 0.
 - uncommit_free_chunks: 1.
 - use_allocation_guard: 0.
 - handle_deallocations: 1.


Internal statistics:

num_allocs_failed_limit: 3.
num_arena_births: 262.
num_arena_deaths: 14.
num_vsnodes_births: 5.
num_vsnodes_deaths: 0.
num_space_committed: 476.
num_space_uncommitted: 0.
num_chunks_returned_to_freelist: 17.
num_chunks_taken_from_freelist: 1112.
num_chunk_merges: 7.
num_chunk_splits: 743.
num_chunks_enlarged: 510.
num_purges: 2.
num_inconsistent_stats: 0.

CodeHeap 'non-profiled nmethods': size=120032Kb used=1002Kb max_used=1002Kb free=119029Kb
 bounds [0x00007fbb0deb6000, 0x00007fbb0e126000, 0x00007fbb153ee000]
CodeHeap 'profiled nmethods': size=120028Kb used=4837Kb max_used=4837Kb free=115190Kb
 bounds [0x00007fbb0697f000, 0x00007fbb06e3f000, 0x00007fbb0deb6000]
CodeHeap 'non-nmethods': size=5700Kb used=1231Kb max_used=1273Kb free=4468Kb
 bounds [0x00007fbb063ee000, 0x00007fbb0665e000, 0x00007fbb0697f000]
 total_blobs=3024 nmethods=2476 adapters=463
 compilation: enabled
              stopped_count=0, restarted_count=0
 full_count=0

Compilation events (20 events):
Event: 7.815 Thread 0x00007fbb181929e0 2472       3       java.lang.reflect.Method::getRoot (5 bytes)
Event: 7.815 Thread 0x00007fbb181929e0 nmethod 2472 0x00007fbb06e33b90 code [0x00007fbb06e33d20, 0x00007fbb06e33e30]
Event: 7.816 Thread 0x00007fbb181929e0 2473       3       java.util.stream.ReferencePipeline::<init> (7 bytes)
Event: 7.816 Thread 0x00007fbb181929e0 nmethod 2473 0x00007fbb06e33f10 code [0x00007fbb06e340c0, 0x00007fbb06e34200]
Event: 7.816 Thread 0x00007fbb181929e0 2474       3       java.util.stream.Sink$ChainedReference::<init> (16 bytes)
Event: 7.816 Thread 0x00007fbb181929e0 nmethod 2474 0x00007fbb06e34290 code [0x00007fbb06e34460, 0x00007fbb06e34840]
Event: 7.816 Thread 0x00007fbb181929e0 2475       3       sun.reflect.generics.parser.SignatureParser::parseClassTypeSignature (118 bytes)
Event: 7.817 Thread 0x00007fbb181929e0 nmethod 2475 0x00007fbb06e34990 code [0x00007fbb06e34d20, 0x00007fbb06e35fd0]
Event: 7.817 Thread 0x00007fbb181929e0 2476       3       sun.reflect.generics.tree.SimpleClassTypeSignature::make (11 bytes)
Event: 7.818 Thread 0x00007fbb181929e0 nmethod 2476 0x00007fbb06e36790 code [0x00007fbb06e36940, 0x00007fbb06e36b70]
Event: 7.818 Thread 0x00007fbb181929e0 2477       3       sun.reflect.generics.parser.SignatureParser::parseFieldTypeSignature (6 bytes)
Event: 7.818 Thread 0x00007fbb181929e0 nmethod 2477 0x00007fbb06e36c90 code [0x00007fbb06e36e40, 0x00007fbb06e36f80]
Event: 7.818 Thread 0x00007fbb181929e0 2478       3       java.util.stream.AbstractPipeline::wrapAndCopyInto (18 bytes)
Event: 7.819 Thread 0x00007fbb181929e0 nmethod 2478 0x00007fbb06e37010 code [0x00007fbb06e37200, 0x00007fbb06e375e0]
Event: 7.819 Thread 0x00007fbb181929e0 2479       3       jdk.internal.loader.AbstractClassLoaderValue::extractValue (17 bytes)
Event: 7.820 Thread 0x00007fbb181929e0 nmethod 2479 0x00007fbb06e37790 code [0x00007fbb06e37960, 0x00007fbb06e37ce0]
Event: 7.822 Thread 0x00007fbb181929e0 2480       3       sun.reflect.generics.tree.ClassTypeSignature::accept (8 bytes)
Event: 7.822 Thread 0x00007fbb181929e0 nmethod 2480 0x00007fbb06e37d90 code [0x00007fbb06e37f40, 0x00007fbb06e380c0]
Event: 7.822 Thread 0x00007fbb181929e0 2481   !   3       sun.reflect.generics.factory.CoreReflectionFactory::makeNamedType (21 bytes)
Event: 7.823 Thread 0x00007fbb181929e0 nmethod 2481 0x00007fbb06e38210 code [0x00007fbb06e383e0, 0x00007fbb06e38640]

GC Heap History (14 events):
Event: 2.989 GC heap before
{Heap before GC invocations=1 (full 0):
 PSYoungGen      total 29696K, used 25600K [0x00000000eab00000, 0x00000000ecc00000, 0x0000000100000000)
  eden space 25600K, 100% used [0x00000000eab00000,0x00000000ec400000,0x00000000ec400000)
  from space 4096K, 0% used [0x00000000ec800000,0x00000000ec800000,0x00000000ecc00000)
  to   space 4096K, 0% used [0x00000000ec400000,0x00000000ec400000,0x00000000ec800000)
 ParOldGen       total 68608K, used 0K [0x00000000c0000000, 0x00000000c4300000, 0x00000000eab00000)
  object space 68608K, 0% used [0x00000000c0000000,0x00000000c0000000,0x00000000c4300000)
 Metaspace       used 11112K, committed 11264K, reserved 1064960K
  class space    used 1123K, committed 1216K, reserved 1048576K
}
Event: 3.020 GC heap after
{Heap after GC invocations=1 (full 0):
 PSYoungGen      total 29696K, used 3688K [0x00000000eab00000, 0x00000000ecc00000, 0x0000000100000000)
  eden space 25600K, 0% used [0x00000000eab00000,0x00000000eab00000,0x00000000ec400000)
  from space 4096K, 90% used [0x00000000ec400000,0x00000000ec79a228,0x00000000ec800000)
  to   space 4096K, 0% used [0x00000000ec800000,0x00000000ec800000,0x00000000ecc00000)
 ParOldGen       total 68608K, used 8K [0x00000000c0000000, 0x00000000c4300000, 0x00000000eab00000)
  object space 68608K, 0% used [0x00000000c0000000,0x00000000c0002000,0x00000000c4300000)
 Metaspace       used 11112K, committed 11264K, reserved 1064960K
  class space    used 1123K, committed 1216K, reserved 1048576K
}
Event: 4.523 GC heap before
{Heap before GC invocations=2 (full 0):
 PSYoungGen      total 29696K, used 29288K [0x00000000eab00000, 0x00000000ecc00000, 0x0000000100000000)
  eden space 25600K, 100% used [0x00000000eab00000,0x00000000ec400000,0x00000000ec400000)
  from space 4096K, 90% used [0x00000000ec400000,0x00000000ec79a228,0x00000000ec800000)
  to   space 4096K, 0% used [0x00000000ec800000,0x00000000ec800000,0x00000000ecc00000)
 ParOldGen       total 68608K, used 8K [0x00000000c0000000, 0x00000000c4300000, 0x00000000eab00000)
  object space 68608K, 0% used [0x00000000c0000000,0x00000000c0002000,0x00000000c4300000)
 Metaspace       used 15593K, committed 15872K, reserved 1064960K
  class space    used 1599K, committed 1728K, reserved 1048576K
}
Event: 4.548 GC heap after
{Heap after GC invocations=2 (full 0):
 PSYoungGen      total 29696K, used 4077K [0x00000000eab00000, 0x00000000ecc00000, 0x0000000100000000)
  eden space 25600K, 0% used [0x00000000eab00000,0x00000000eab00000,0x00000000ec400000)
  from space 4096K, 99% used [0x00000000ec800000,0x00000000ecbfb708,0x00000000ecc00000)
  to   space 4096K, 0% used [0x00000000ec400000,0x00000000ec400000,0x00000000ec800000)
 ParOldGen       total 68608K, used 1368K [0x00000000c0000000, 0x00000000c4300000, 0x00000000eab00000)
  object space 68608K, 1% used [0x00000000c0000000,0x00000000c0156380,0x00000000c4300000)
 Metaspace       used 15593K, committed 15872K, reserved 1064960K
  class space    used 1599K, committed 1728K, reserved 1048576K
}
Event: 5.636 GC heap before
{Heap before GC invocations=3 (full 0):
 PSYoungGen      total 29696K, used 29677K [0x00000000eab00000, 0x00000000ecc00000, 0x0000000100000000)
  eden space 25600K, 100% used [0x00000000eab00000,0x00000000ec400000,0x00000000ec400000)
  from space 4096K, 99% used [0x00000000ec800000,0x00000000ecbfb708,0x00000000ecc00000)
  to   space 4096K, 0% used [0x00000000ec400000,0x00000000ec400000,0x00000000ec800000)
 ParOldGen       total 68608K, used 1368K [0x00000000c0000000, 0x00000000c4300000, 0x00000000eab00000)
  object space 68608K, 1% used [0x00000000c0000000,0x00000000c0156380,0x00000000c4300000)
 Metaspace       used 20664K, committed 21056K, reserved 1073152K
  class space    used 2126K, committed 2304K, reserved 1048576K
}
Event: 5.651 GC heap after
{Heap after GC invocations=3 (full 0):
 PSYoungGen      total 29696K, used 4086K [0x00000000eab00000, 0x00000000ecc00000, 0x0000000100000000)
  eden space 25600K, 0% used [0x00000000eab00000,0x00000000eab00000,0x00000000ec400000)
  from space 4096K, 99% used [0x00000000ec400000,0x00000000ec7fd980,0x00000000ec800000)
  to   space 4096K, 0% used [0x00000000ec800000,0x00000000ec800000,0x00000000ecc00000)
 ParOldGen       total 68608K, used 3115K [0x00000000c0000000, 0x00000000c4300000, 0x00000000eab00000)
  object space 68608K, 4% used [0x00000000c0000000,0x00000000c030af90,0x00000000c4300000)
 Metaspace       used 20664K, committed 21056K, reserved 1073152K
  class space    used 2126K, committed 2304K, reserved 1048576K
}
Event: 5.730 GC heap before
{Heap before GC invocations=4 (full 0):
 PSYoungGen      total 29696K, used 6820K [0x00000000eab00000, 0x00000000ecc00000, 0x0000000100000000)
  eden space 25600K, 10% used [0x00000000eab00000,0x00000000eadab688,0x00000000ec400000)
  from space 4096K, 99% used [0x00000000ec400000,0x00000000ec7fd980,0x00000000ec800000)
  to   space 4096K, 0% used [0x00000000ec800000,0x00000000ec800000,0x00000000ecc00000)
 ParOldGen       total 68608K, used 3115K [0x00000000c0000000, 0x00000000c4300000, 0x00000000eab00000)
  object space 68608K, 4% used [0x00000000c0000000,0x00000000c030af90,0x00000000c4300000)
 Metaspace       used 21060K, committed 21504K, reserved 1073152K
  class space    used 2174K, committed 2368K, reserved 1048576K
}
Event: 5.738 GC heap after
{Heap after GC invocations=4 (full 0):
 PSYoungGen      total 29696K, used 4070K [0x00000000eab00000, 0x00000000ecc00000, 0x0000000100000000)
  eden space 25600K, 0% used [0x00000000eab00000,0x00000000eab00000,0x00000000ec400000)
  from space 4096K, 99% used [0x00000000ec800000,0x00000000ecbf9840,0x00000000ecc00000)
  to   space 4096K, 0% used [0x00000000ec400000,0x00000000ec400000,0x00000000ec800000)
 ParOldGen       total 68608K, used 3283K [0x00000000c0000000, 0x00000000c4300000, 0x00000000eab00000)
  object space 68608K, 4% used [0x00000000c0000000,0x00000000c0334f90,0x00000000c4300000)
 Metaspace       used 21060K, committed 21504K, reserved 1073152K
  class space    used 2174K, committed 2368K, reserved 1048576K
}
Event: 5.738 GC heap before
{Heap before GC invocations=5 (full 1):
 PSYoungGen      total 29696K, used 4070K [0x00000000eab00000, 0x00000000ecc00000, 0x0000000100000000)
  eden space 25600K, 0% used [0x00000000eab00000,0x00000000eab00000,0x00000000ec400000)
  from space 4096K, 99% used [0x00000000ec800000,0x00000000ecbf9840,0x00000000ecc00000)
  to   space 4096K, 0% used [0x00000000ec400000,0x00000000ec400000,0x00000000ec800000)
 ParOldGen       total 68608K, used 3283K [0x00000000c0000000, 0x00000000c4300000, 0x00000000eab00000)
  object space 68608K, 4% used [0x00000000c0000000,0x00000000c0334f90,0x00000000c4300000)
 Metaspace       used 21060K, committed 21504K, reserved 1073152K
  class space    used 2174K, committed 2368K, reserved 1048576K
}
Event: 5.810 GC heap after
{Heap after GC invocations=5 (full 1):
 PSYoungGen      total 29696K, used 0K [0x00000000eab00000, 0x00000000ecc00000, 0x0000000100000000)
  eden space 25600K, 0% used [0x00000000eab00000,0x00000000eab00000,0x00000000ec400000)
  from space 4096K, 0% used [0x00000000ec800000,0x00000000ec800000,0x00000000ecc00000)
  to   space 4096K, 0% used [0x00000000ec400000,0x00000000ec400000,0x00000000ec800000)
 ParOldGen       total 68608K, used 7151K [0x00000000c0000000, 0x00000000c4300000, 0x00000000eab00000)
  object space 68608K, 10% used [0x00000000c0000000,0x00000000c06fbd28,0x00000000c4300000)
 Metaspace       used 21046K, committed 21504K, reserved 1073152K
  class space    used 2170K, committed 2368K, reserved 1048576K
}
Event: 6.436 GC heap before
{Heap before GC invocations=6 (full 1):
 PSYoungGen      total 29696K, used 25600K [0x00000000eab00000, 0x00000000ecc00000, 0x0000000100000000)
  eden space 25600K, 100% used [0x00000000eab00000,0x00000000ec400000,0x00000000ec400000)
  from space 4096K, 0% used [0x00000000ec800000,0x00000000ec800000,0x00000000ecc00000)
  to   space 4096K, 0% used [0x00000000ec400000,0x00000000ec400000,0x00000000ec800000)
 ParOldGen       total 68608K, used 7151K [0x00000000c0000000, 0x00000000c4300000, 0x00000000eab00000)
  object space 68608K, 10% used [0x00000000c0000000,0x00000000c06fbd28,0x00000000c4300000)
 Metaspace       used 24659K, committed 25088K, reserved 1073152K
  class space    used 2451K, committed 2624K, reserved 1048576K
}
Event: 6.437 GC heap after
{Heap after GC invocations=6 (full 1):
 PSYoungGen      total 25600K, used 383K [0x00000000eab00000, 0x00000000ec880000, 0x0000000100000000)
  eden space 25088K, 0% used [0x00000000eab00000,0x00000000eab00000,0x00000000ec380000)
  from space 512K, 74% used [0x00000000ec400000,0x00000000ec45fc28,0x00000000ec480000)
  to   space 2048K, 0% used [0x00000000ec680000,0x00000000ec680000,0x00000000ec880000)
 ParOldGen       total 68608K, used 7151K [0x00000000c0000000, 0x00000000c4300000, 0x00000000eab00000)
  object space 68608K, 10% used [0x00000000c0000000,0x00000000c06fbd28,0x00000000c4300000)
 Metaspace       used 24659K, committed 25088K, reserved 1073152K
  class space    used 2451K, committed 2624K, reserved 1048576K
}
Event: 7.304 GC heap before
{Heap before GC invocations=7 (full 1):
 PSYoungGen      total 25600K, used 25471K [0x00000000eab00000, 0x00000000ec880000, 0x0000000100000000)
  eden space 25088K, 100% used [0x00000000eab00000,0x00000000ec380000,0x00000000ec380000)
  from space 512K, 74% used [0x00000000ec400000,0x00000000ec45fc28,0x00000000ec480000)
  to   space 2048K, 0% used [0x00000000ec680000,0x00000000ec680000,0x00000000ec880000)
 ParOldGen       total 68608K, used 7151K [0x00000000c0000000, 0x00000000c4300000, 0x00000000eab00000)
  object space 68608K, 10% used [0x00000000c0000000,0x00000000c06fbd28,0x00000000c4300000)
 Metaspace       used 27610K, committed 28096K, reserved 1081344K
  class space    used 2698K, committed 2880K, reserved 1048576K
}
Event: 7.306 GC heap after
{Heap after GC invocations=7 (full 1):
 PSYoungGen      total 26112K, used 1191K [0x00000000eab00000, 0x00000000ec800000, 0x0000000100000000)
  eden space 24576K, 0% used [0x00000000eab00000,0x00000000eab00000,0x00000000ec300000)
  from space 1536K, 77% used [0x00000000ec680000,0x00000000ec7a9d80,0x00000000ec800000)
  to   space 1536K, 0% used [0x00000000ec500000,0x00000000ec500000,0x00000000ec680000)
 ParOldGen       total 68608K, used 7159K [0x00000000c0000000, 0x00000000c4300000, 0x00000000eab00000)
  object space 68608K, 10% used [0x00000000c0000000,0x00000000c06fdd28,0x00000000c4300000)
 Metaspace       used 27610K, committed 28096K, reserved 1081344K
  class space    used 2698K, committed 2880K, reserved 1048576K
}

Dll operation events (9 events):
Event: 0.044 Loaded shared library /home/usama/.vscode/extensions/redhat.java-1.14.0-linux-x64/jre/17.0.5-linux-x86_64/lib/libjava.so
Event: 1.045 Loaded shared library /home/usama/.vscode/extensions/redhat.java-1.14.0-linux-x64/jre/17.0.5-linux-x86_64/lib/libzip.so
Event: 1.051 Loaded shared library /home/usama/.vscode/extensions/redhat.java-1.14.0-linux-x64/jre/17.0.5-linux-x86_64/lib/libinstrument.so
Event: 1.081 Loaded shared library /home/usama/.vscode/extensions/redhat.java-1.14.0-linux-x64/jre/17.0.5-linux-x86_64/lib/libnio.so
Event: 1.093 Loaded shared library /home/usama/.vscode/extensions/redhat.java-1.14.0-linux-x64/jre/17.0.5-linux-x86_64/lib/libzip.so
Event: 1.126 Loaded shared library /home/usama/.vscode/extensions/redhat.java-1.14.0-linux-x64/jre/17.0.5-linux-x86_64/lib/libjimage.so
Event: 1.301 Loaded shared library /home/usama/.vscode/extensions/redhat.java-1.14.0-linux-x64/jre/17.0.5-linux-x86_64/lib/libverify.so
Event: 3.164 Loaded shared library /home/usama/.vscode/extensions/redhat.java-1.14.0-linux-x64/jre/17.0.5-linux-x86_64/lib/libnet.so
Event: 4.114 Loaded shared library /home/usama/.config/Code/User/globalStorage/redhat.java/1.14.0/config_ss_linux/org.eclipse.equinox.launcher/org.eclipse.equinox.launcher.gtk.linux.x86_64_1.2.700.v20221108-1024/eclipse_11801.so

Deoptimization events (20 events):
Event: 6.635 Thread 0x00007fbb1852fd20 DEOPT PACKING pc=0x00007fbb06a6bd9e sp=0x00007fbafd9f7fd0
Event: 6.635 Thread 0x00007fbb1852fd20 DEOPT UNPACKING pc=0x00007fbb0644052f sp=0x00007fbafd9f74e8 mode 0
Event: 6.637 Thread 0x00007fbb1852fd20 DEOPT PACKING pc=0x00007fbb06a6bd9e sp=0x00007fbafd9f7fd0
Event: 6.637 Thread 0x00007fbb1852fd20 DEOPT UNPACKING pc=0x00007fbb0644052f sp=0x00007fbafd9f74e8 mode 0
Event: 6.684 Thread 0x00007fbb1852fd20 DEOPT PACKING pc=0x00007fbb06a6bd9e sp=0x00007fbafd9f8470
Event: 6.684 Thread 0x00007fbb1852fd20 DEOPT UNPACKING pc=0x00007fbb0644052f sp=0x00007fbafd9f7988 mode 0
Event: 6.687 Thread 0x00007fbb1852fd20 DEOPT PACKING pc=0x00007fbb06a6bd9e sp=0x00007fbafd9f8470
Event: 6.687 Thread 0x00007fbb1852fd20 DEOPT UNPACKING pc=0x00007fbb0644052f sp=0x00007fbafd9f7988 mode 0
Event: 6.688 Thread 0x00007fbb1852fd20 DEOPT PACKING pc=0x00007fbb06a6bd9e sp=0x00007fbafd9f8470
Event: 6.688 Thread 0x00007fbb1852fd20 DEOPT UNPACKING pc=0x00007fbb0644052f sp=0x00007fbafd9f7988 mode 0
Event: 6.691 Thread 0x00007fbb1852fd20 DEOPT PACKING pc=0x00007fbb06a6bd9e sp=0x00007fbafd9f8470
Event: 6.691 Thread 0x00007fbb1852fd20 DEOPT UNPACKING pc=0x00007fbb0644052f sp=0x00007fbafd9f7988 mode 0
Event: 7.351 Thread 0x00007fbb1852fd20 Uncommon trap: trap_request=0xffffff45 fr.pc=0x00007fbb0df8ae48 relative=0x0000000000000968
Event: 7.351 Thread 0x00007fbb1852fd20 Uncommon trap: reason=unstable_if action=reinterpret pc=0x00007fbb0df8ae48 method=java.util.Properties$LineReader.readLine()I @ 25 c2
Event: 7.351 Thread 0x00007fbb1852fd20 DEOPT PACKING pc=0x00007fbb0df8ae48 sp=0x00007fbafd9fcc90
Event: 7.351 Thread 0x00007fbb1852fd20 DEOPT UNPACKING pc=0x00007fbb0643fd99 sp=0x00007fbafd9fcc30 mode 2
Event: 7.351 Thread 0x00007fbb1852fd20 Uncommon trap: trap_request=0xffffff76 fr.pc=0x00007fbb0df6a59c relative=0x0000000000000e9c
Event: 7.351 Thread 0x00007fbb1852fd20 Uncommon trap: reason=predicate action=maybe_recompile pc=0x00007fbb0df6a59c method=java.util.Properties$LineReader.readLine()I @ 53 c2
Event: 7.351 Thread 0x00007fbb1852fd20 DEOPT PACKING pc=0x00007fbb0df6a59c sp=0x00007fbafd9fcc80
Event: 7.351 Thread 0x00007fbb1852fd20 DEOPT UNPACKING pc=0x00007fbb0643fd99 sp=0x00007fbafd9fcc38 mode 2

Classes unloaded (7 events):
Event: 5.765 Thread 0x00007fbb181530b0 Unloading class 0x0000000100242400 'java/lang/invoke/LambdaForm$MH+0x0000000100242400'
Event: 5.765 Thread 0x00007fbb181530b0 Unloading class 0x0000000100242000 'java/lang/invoke/LambdaForm$MH+0x0000000100242000'
Event: 5.765 Thread 0x00007fbb181530b0 Unloading class 0x0000000100241c00 'java/lang/invoke/LambdaForm$MH+0x0000000100241c00'
Event: 5.765 Thread 0x00007fbb181530b0 Unloading class 0x0000000100241800 'java/lang/invoke/LambdaForm$MH+0x0000000100241800'
Event: 5.765 Thread 0x00007fbb181530b0 Unloading class 0x0000000100241000 'java/lang/invoke/LambdaForm$BMH+0x0000000100241000'
Event: 5.765 Thread 0x00007fbb181530b0 Unloading class 0x0000000100240c00 'java/lang/invoke/LambdaForm$DMH+0x0000000100240c00'
Event: 5.765 Thread 0x00007fbb181530b0 Unloading class 0x000000010023e000 'java/lang/invoke/LambdaForm$DMH+0x000000010023e000'

Classes redefined (0 events):
No events

Internal exceptions (20 events):
Event: 5.695 Thread 0x00007fbb1852fd20 Exception <a 'java/lang/NoSuchMethodError'{0x00000000eac83848}: 'java.lang.Object java.lang.invoke.Invokers$Holder.linkToTargetMethod(java.lang.Object, java.lang.Object, long, java.lang.Object)'> (0x00000000eac83848) 
thrown [src/hotspot/share/interpreter/linkResolver.cpp, line 758]
Event: 5.713 Thread 0x00007fbb1852fd20 Exception <a 'java/lang/NoSuchMethodError'{0x00000000eacd22e0}: 'int java.lang.invoke.DirectMethodHandle$Holder.invokeStaticInit(java.lang.Object, java.lang.Object, java.lang.Object)'> (0x00000000eacd22e0) 
thrown [src/hotspot/share/interpreter/linkResolver.cpp, line 758]
Event: 5.723 Thread 0x00007fbb1852fd20 Exception <a 'java/lang/IncompatibleClassChangeError'{0x00000000ead74180}: Found class java.lang.Object, but interface was expected> (0x00000000ead74180) 
thrown [src/hotspot/share/interpreter/linkResolver.cpp, line 826]
Event: 5.724 Thread 0x00007fbb1852fd20 Exception <a 'java/lang/NoSuchMethodError'{0x00000000ead81970}: 'java.lang.Object java.lang.invoke.DirectMethodHandle$Holder.invokeSpecial(java.lang.Object, java.lang.Object, java.lang.Object, int, java.lang.Object, java.lang.Object)'> (0x00000000ead81970) 
thrown [src/hotspot/share/interpreter/linkResolver.cpp, line 758]
Event: 5.725 Thread 0x00007fbb1852fd20 Exception <a 'java/lang/NoSuchMethodError'{0x00000000ead8a0f8}: 'java.lang.Object java.lang.invoke.DirectMethodHandle$Holder.newInvokeSpecial(java.lang.Object, java.lang.Object, java.lang.Object, int, java.lang.Object)'> (0x00000000ead8a0f8) 
thrown [src/hotspot/share/interpreter/linkResolver.cpp, line 758]
Event: 5.726 Thread 0x00007fbb1852fd20 Exception <a 'java/lang/NoSuchMethodError'{0x00000000ead8e550}: 'java.lang.Object java.lang.invoke.DirectMethodHandle$Holder.invokeSpecial(java.lang.Object, java.lang.Object, java.lang.Object, java.lang.Object, int, java.lang.Object)'> (0x00000000ead8e550) 
thrown [src/hotspot/share/interpreter/linkResolver.cpp, line 758]
Event: 5.727 Thread 0x00007fbaa82e3b70 Exception <a 'java/lang/NoSuchMethodError'{0x00000000ead06c80}: 'java.lang.Object java.lang.invoke.DirectMethodHandle$Holder.invokeSpecial(java.lang.Object, java.lang.Object, int, java.lang.Object, java.lang.Object)'> (0x00000000ead06c80) 
thrown [src/hotspot/share/interpreter/linkResolver.cpp, line 758]
Event: 5.728 Thread 0x00007fbaa82e3b70 Exception <a 'java/lang/NoSuchMethodError'{0x00000000ead0e350}: 'java.lang.Object java.lang.invoke.DirectMethodHandle$Holder.newInvokeSpecial(java.lang.Object, java.lang.Object, int, java.lang.Object)'> (0x00000000ead0e350) 
thrown [src/hotspot/share/interpreter/linkResolver.cpp, line 758]
Event: 5.728 Thread 0x00007fbaa82e3b70 Exception <a 'java/lang/NoSuchMethodError'{0x00000000ead11e60}: 'java.lang.Object java.lang.invoke.DirectMethodHandle$Holder.invokeSpecial(java.lang.Object, java.lang.Object, java.lang.Object, int, java.lang.Object)'> (0x00000000ead11e60) 
thrown [src/hotspot/share/interpreter/linkResolver.cpp, line 758]
Event: 5.839 Thread 0x00007fbaa82e3b70 Exception <a 'java/io/FileNotFoundException'{0x00000000eaca5a00}> (0x00000000eaca5a00) 
thrown [src/hotspot/share/prims/jni.cpp, line 516]
Event: 6.680 Thread 0x00007fbb1852fd20 Exception <a 'java/lang/ClassNotFoundException'{0x00000000ec093cf0}: com/sun/org/apache/xerces/internal/impl/msg/spi/DOMMessagesProvider> (0x00000000ec093cf0) 
thrown [src/hotspot/share/classfile/systemDictionary.cpp, line 256]
Event: 6.685 Thread 0x00007fbb1852fd20 Exception <a 'java/lang/ClassNotFoundException'{0x00000000ec0ba8a0}: com/sun/org/apache/xerces/internal/impl/msg/spi/XMLSerializerMessagesProvider> (0x00000000ec0ba8a0) 
thrown [src/hotspot/share/classfile/systemDictionary.cpp, line 256]
Event: 6.686 Thread 0x00007fbb1852fd20 Exception <a 'java/lang/ClassNotFoundException'{0x00000000ec0c7b68}: com/sun/org/apache/xerces/internal/impl/msg/spi/XMLMessagesProvider> (0x00000000ec0c7b68) 
thrown [src/hotspot/share/classfile/systemDictionary.cpp, line 256]
Event: 7.351 Thread 0x00007fbb1852fd20 Implicit null exception at 0x00007fbb0df69820 to 0x00007fbb0df6a554
Event: 7.410 Thread 0x00007fbb1852fd20 Exception <a 'java/lang/ClassNotFoundException'{0x00000000eae24b98}: com/sun/org/apache/xml/internal/serializer/spi/XMLEntitiesProvider> (0x00000000eae24b98) 
thrown [src/hotspot/share/classfile/systemDictionary.cpp, line 256]
Event: 7.629 Thread 0x00007fbb1852fd20 Exception <a 'java/io/FileNotFoundException'{0x00000000eb134a20}> (0x00000000eb134a20) 
thrown [src/hotspot/share/prims/jni.cpp, line 516]
Event: 7.646 Thread 0x00007fbb1852fd20 Exception <a 'java/io/FileNotFoundException'{0x00000000eb1c53d8}> (0x00000000eb1c53d8) 
thrown [src/hotspot/share/prims/jni.cpp, line 516]
Event: 7.656 Thread 0x00007fbb1852fd20 Exception <a 'java/io/FileNotFoundException'{0x00000000eb23ec78}> (0x00000000eb23ec78) 
thrown [src/hotspot/share/prims/jni.cpp, line 516]
Event: 7.738 Thread 0x00007fbb18027830 Exception <a 'java/lang/NoSuchMethodError'{0x00000000eb4eb278}: 'void java.lang.invoke.DirectMethodHandle$Holder.invokeStatic(java.lang.Object, java.lang.Object, java.lang.Object, java.lang.Object)'> (0x00000000eb4eb278) 
thrown [src/hotspot/share/interpreter/linkResolver.cpp, line 758]
Event: 7.823 Thread 0x00007fbb18027830 Implicit null exception at 0x00007fbb06a78d22 to 0x0000000000000000

VM Operations (20 events):
Event: 5.150 Executing VM operation: HandshakeAllThreads
Event: 5.150 Executing VM operation: HandshakeAllThreads done
Event: 5.180 Executing VM operation: HandshakeAllThreads
Event: 5.180 Executing VM operation: HandshakeAllThreads done
Event: 5.183 Executing VM operation: HandshakeAllThreads
Event: 5.183 Executing VM operation: HandshakeAllThreads done
Event: 5.343 Executing VM operation: HandshakeAllThreads
Event: 5.344 Executing VM operation: HandshakeAllThreads done
Event: 5.636 Executing VM operation: ParallelGCFailedAllocation
Event: 5.651 Executing VM operation: ParallelGCFailedAllocation done
Event: 5.730 Executing VM operation: CollectForMetadataAllocation
Event: 5.810 Executing VM operation: CollectForMetadataAllocation done
Event: 5.832 Executing VM operation: HandshakeAllThreads
Event: 5.832 Executing VM operation: HandshakeAllThreads done
Event: 6.436 Executing VM operation: ParallelGCFailedAllocation
Event: 6.437 Executing VM operation: ParallelGCFailedAllocation done
Event: 7.297 Executing VM operation: HandshakeAllThreads
Event: 7.297 Executing VM operation: HandshakeAllThreads done
Event: 7.304 Executing VM operation: ParallelGCFailedAllocation
Event: 7.306 Executing VM operation: ParallelGCFailedAllocation done

Events (20 events):
Event: 7.721 loading class sun/reflect/generics/tree/TypeVariableSignature
Event: 7.721 loading class sun/reflect/generics/tree/TypeVariableSignature done
Event: 7.721 loading class sun/reflect/generics/reflectiveObjects/TypeVariableImpl
Event: 7.721 loading class sun/reflect/generics/reflectiveObjects/LazyReflectiveObjectGenerator
Event: 7.721 loading class sun/reflect/generics/reflectiveObjects/LazyReflectiveObjectGenerator done
Event: 7.721 loading class sun/reflect/generics/reflectiveObjects/TypeVariableImpl done
Event: 7.739 loading class java/lang/Deprecated
Event: 7.739 loading class java/lang/Deprecated done
Event: 7.739 loading class java/lang/annotation/Documented
Event: 7.739 loading class java/lang/annotation/Documented done
Event: 7.741 loading class jdk/internal/vm/annotation/IntrinsicCandidate
Event: 7.741 loading class jdk/internal/vm/annotation/IntrinsicCandidate done
Event: 7.791 loading class java/lang/reflect/WildcardType
Event: 7.791 loading class java/lang/reflect/WildcardType done
Event: 7.794 loading class sun/reflect/generics/tree/BottomSignature
Event: 7.794 loading class sun/reflect/generics/tree/BottomSignature done
Event: 7.794 loading class sun/reflect/generics/tree/Wildcard
Event: 7.794 loading class sun/reflect/generics/tree/Wildcard done
Event: 7.794 loading class sun/reflect/generics/reflectiveObjects/WildcardTypeImpl
Event: 7.794 loading class sun/reflect/generics/reflectiveObjects/WildcardTypeImpl done


Dynamic libraries:
c0000000-c4300000 rw-p 00000000 00:00 0 
c4300000-eab00000 ---p 00000000 00:00 0 
eab00000-ec800000 rw-p 00000000 00:00 0 
ec800000-100000000 ---p 00000000 00:00 0 
100000000-100020000 rw-p 00000000 00:00 0 
100020000-100040000 rw-p 00000000 00:00 0 
100040000-1000c0000 rw-p 00000000 00:00 0 
1000c0000-1000e0000 rw-p 00000000 00:00 0 
1000e0000-100140000 rw-p 00000000 00:00 0 
100140000-100180000 rw-p 00000000 00:00 0 
100180000-100200000 rw-p 00000000 00:00 0 
100200000-100320000 rw-p 00000000 00:00 0 
100320000-140000000 ---p 00000000 00:00 0 
55c9183f4000-55c9183f5000 r--p 00000000 08:06 4923492                    /home/usama/.vscode/extensions/redhat.java-1.14.0-linux-x64/jre/17.0.5-linux-x86_64/bin/java
55c9183f5000-55c9183f6000 r-xp 00001000 08:06 4923492                    /home/usama/.vscode/extensions/redhat.java-1.14.0-linux-x64/jre/17.0.5-linux-x86_64/bin/java
55c9183f6000-55c9183f7000 r--p 00002000 08:06 4923492                    /home/usama/.vscode/extensions/redhat.java-1.14.0-linux-x64/jre/17.0.5-linux-x86_64/bin/java
55c9183f7000-55c9183f8000 r--p 00002000 08:06 4923492                    /home/usama/.vscode/extensions/redhat.java-1.14.0-linux-x64/jre/17.0.5-linux-x86_64/bin/java
55c9183f8000-55c9183f9000 rw-p 00003000 08:06 4923492                    /home/usama/.vscode/extensions/redhat.java-1.14.0-linux-x64/jre/17.0.5-linux-x86_64/bin/java
55c918c5a000-55c918ca2000 rw-p 00000000 00:00 0                          [heap]
7fba90000000-7fba90021000 rw-p 00000000 00:00 0 
7fba90021000-7fba94000000 ---p 00000000 00:00 0 
7fba97400000-7fba97500000 rw-p 00000000 00:00 0 
7fba97500000-7fba976a0000 rw-p 00000000 00:00 0 
7fba976a0000-7fba97c00000 ---p 00000000 00:00 0 
7fba98000000-7fba98021000 rw-p 00000000 00:00 0 
7fba98021000-7fba9c000000 ---p 00000000 00:00 0 
7fba9c000000-7fba9c3b5000 rw-p 00000000 00:00 0 
7fba9c3b5000-7fbaa0000000 ---p 00000000 00:00 0 
7fbaa0000000-7fbaa0021000 rw-p 00000000 00:00 0 
7fbaa0021000-7fbaa4000000 ---p 00000000 00:00 0 
7fbaa4000000-7fbaa4021000 rw-p 00000000 00:00 0 
7fbaa4021000-7fbaa8000000 ---p 00000000 00:00 0 
7fbaa8000000-7fbaa8725000 rw-p 00000000 00:00 0 
7fbaa8725000-7fbaac000000 ---p 00000000 00:00 0 
7fbaac000000-7fbaac021000 rw-p 00000000 00:00 0 
7fbaac021000-7fbab0000000 ---p 00000000 00:00 0 
7fbab0000000-7fbab0021000 rw-p 00000000 00:00 0 
7fbab0021000-7fbab4000000 ---p 00000000 00:00 0 
7fbab4000000-7fbab4021000 rw-p 00000000 00:00 0 
7fbab4021000-7fbab8000000 ---p 00000000 00:00 0 
7fbab8000000-7fbab8021000 rw-p 00000000 00:00 0 
7fbab8021000-7fbabc000000 ---p 00000000 00:00 0 
7fbabc000000-7fbabc195000 rw-p 00000000 00:00 0 
7fbabc195000-7fbac0000000 ---p 00000000 00:00 0 
7fbac0000000-7fbac0021000 rw-p 00000000 00:00 0 
7fbac0021000-7fbac4000000 ---p 00000000 00:00 0 
7fbac4000000-7fbac4021000 rw-p 00000000 00:00 0 
7fbac4021000-7fbac8000000 ---p 00000000 00:00 0 
7fbac8000000-7fbac8021000 rw-p 00000000 00:00 0 
7fbac8021000-7fbacc000000 ---p 00000000 00:00 0 
7fbacc000000-7fbacc364000 rw-p 00000000 00:00 0 
7fbacc364000-7fbad0000000 ---p 00000000 00:00 0 
7fbad0000000-7fbad0021000 rw-p 00000000 00:00 0 
7fbad0021000-7fbad4000000 ---p 00000000 00:00 0 
7fbad4000000-7fbad4021000 rw-p 00000000 00:00 0 
7fbad4021000-7fbad8000000 ---p 00000000 00:00 0 
7fbad8000000-7fbad8432000 rw-p 00000000 00:00 0 
7fbad8432000-7fbadc000000 ---p 00000000 00:00 0 
7fbadc000000-7fbadc021000 rw-p 00000000 00:00 0 
7fbadc021000-7fbae0000000 ---p 00000000 00:00 0 
7fbae0000000-7fbae0021000 rw-p 00000000 00:00 0 
7fbae0021000-7fbae4000000 ---p 00000000 00:00 0 
7fbae4000000-7fbae5135000 rw-p 00000000 00:00 0 
7fbae5135000-7fbae8000000 ---p 00000000 00:00 0 
7fbae8000000-7fbae8021000 rw-p 00000000 00:00 0 
7fbae8021000-7fbaec000000 ---p 00000000 00:00 0 
7fbaec000000-7fbaec021000 rw-p 00000000 00:00 0 
7fbaec021000-7fbaf0000000 ---p 00000000 00:00 0 
7fbaf0000000-7fbaf0021000 rw-p 00000000 00:00 0 
7fbaf0021000-7fbaf4000000 ---p 00000000 00:00 0 
7fbaf4000000-7fbaf4021000 rw-p 00000000 00:00 0 
7fbaf4021000-7fbaf8000000 ---p 00000000 00:00 0 
7fbaf8000000-7fbaf8021000 rw-p 00000000 00:00 0 
7fbaf8021000-7fbafc000000 ---p 00000000 00:00 0 
7fbafc800000-7fbafc804000 ---p 00000000 00:00 0 
7fbafc804000-7fbafc900000 rw-p 00000000 00:00 0 
7fbafc900000-7fbafc904000 ---p 00000000 00:00 0 
7fbafc904000-7fbafca00000 rw-p 00000000 00:00 0 
7fbafca00000-7fbafca04000 ---p 00000000 00:00 0 
7fbafca04000-7fbafcb00000 rw-p 00000000 00:00 0 
7fbafcb00000-7fbafcb04000 ---p 00000000 00:00 0 
7fbafcb04000-7fbafd400000 rw-p 00000000 00:00 0 
7fbafd400000-7fbafd404000 ---p 00000000 00:00 0 
7fbafd404000-7fbafd500000 rw-p 00000000 00:00 0 
7fbafd500000-7fbafd504000 ---p 00000000 00:00 0 
7fbafd504000-7fbafd600000 rw-p 00000000 00:00 0 
7fbafd600000-7fbafd610000 r-xp 00000000 08:06 34604                      /home/usama/.config/Code/User/globalStorage/redhat.java/1.14.0/config_ss_linux/org.eclipse.equinox.launcher/org.eclipse.equinox.launcher.gtk.linux.x86_64_1.2.700.v20221108-1024/eclipse_11801.so
7fbafd610000-7fbafd80f000 ---p 00010000 08:06 34604                      /home/usama/.config/Code/User/globalStorage/redhat.java/1.14.0/config_ss_linux/org.eclipse.equinox.launcher/org.eclipse.equinox.launcher.gtk.linux.x86_64_1.2.700.v20221108-1024/eclipse_11801.so
7fbafd80f000-7fbafd810000 r--p 0000f000 08:06 34604                      /home/usama/.config/Code/User/globalStorage/redhat.java/1.14.0/config_ss_linux/org.eclipse.equinox.launcher/org.eclipse.equinox.launcher.gtk.linux.x86_64_1.2.700.v20221108-1024/eclipse_11801.so
7fbafd810000-7fbafd811000 rw-p 00010000 08:06 34604                      /home/usama/.config/Code/User/globalStorage/redhat.java/1.14.0/config_ss_linux/org.eclipse.equinox.launcher/org.eclipse.equinox.launcher.gtk.linux.x86_64_1.2.700.v20221108-1024/eclipse_11801.so
7fbafd811000-7fbafd812000 rw-p 00000000 00:00 0 
7fbafd900000-7fbafd904000 ---p 00000000 00:00 0 
7fbafd904000-7fbafda00000 rw-p 00000000 00:00 0 
7fbafda00000-7fbafda04000 ---p 00000000 00:00 0 
7fbafda04000-7fbafdb00000 rw-p 00000000 00:00 0 
7fbafdb00000-7fbafdb04000 ---p 00000000 00:00 0 
7fbafdb04000-7fbafdc80000 rw-p 00000000 00:00 0 
7fbafdc80000-7fbafdd00000 rw-p 00000000 00:00 0 
7fbafdd00000-7fbafdf80000 rw-p 00000000 00:00 0 
7fbafdf80000-7fbafe000000 rw-p 00000000 00:00 0 
7fbafe000000-7fbafe180000 rw-p 00000000 00:00 0 
7fbafe180000-7fbafe300000 rw-p 00000000 00:00 0 
7fbafe300000-7fbafe400000 rw-p 00000000 00:00 0 
7fbafe457000-7fbafe458000 ---p 00000000 00:00 0 
7fbafe458000-7fbafe559000 rw-p 00000000 00:00 0 
7fbafe559000-7fbafe55a000 ---p 00000000 00:00 0 
7fbafe55a000-7fbafe65b000 rw-p 00000000 00:00 0 
7fbafe65b000-7fbafe65c000 ---p 00000000 00:00 0 
7fbafe65c000-7fbafe75d000 rw-p 00000000 00:00 0 
7fbafe75d000-7fbafe761000 ---p 00000000 00:00 0 
7fbafe761000-7fbafe85d000 rw-p 00000000 00:00 0 
7fbafe85d000-7fbafe85e000 ---p 00000000 00:00 0 
7fbafe85e000-7fbafe95f000 rw-p 00000000 00:00 0 
7fbafe95f000-7fbafe963000 ---p 00000000 00:00 0 
7fbafe963000-7fbafea5f000 rw-p 00000000 00:00 0 
7fbafea5f000-7fbafea63000 ---p 00000000 00:00 0 
7fbafea63000-7fbafeb5f000 rw-p 00000000 00:00 0 
7fbafeb5f000-7fbafeb63000 ---p 00000000 00:00 0 
7fbafeb63000-7fbafec5f000 rw-p 00000000 00:00 0 
7fbafec5f000-7fbafec63000 ---p 00000000 00:00 0 
7fbafec63000-7fbafed5f000 rw-p 00000000 00:00 0 
7fbafed5f000-7fbafed63000 ---p 00000000 00:00 0 
7fbafed63000-7fbafee5f000 rw-p 00000000 00:00 0 
7fbafee5f000-7fbafee63000 ---p 00000000 00:00 0 
7fbafee63000-7fbafef5f000 rw-p 00000000 00:00 0 
7fbafef5f000-7fbafef63000 ---p 00000000 00:00 0 
7fbafef63000-7fbaff05f000 rw-p 00000000 00:00 0 
7fbaff05f000-7fbaff063000 ---p 00000000 00:00 0 
7fbaff063000-7fbaff15f000 rw-p 00000000 00:00 0 
7fbaff15f000-7fbaff9fb000 r--p 00000000 08:06 3119184                    /usr/lib/locale/locale-archive
7fbaff9fb000-7fbaff9ff000 ---p 00000000 00:00 0 
7fbaff9ff000-7fbaffafb000 rw-p 00000000 00:00 0 
7fbaffafb000-7fbaffaff000 ---p 00000000 00:00 0 
7fbaffaff000-7fbaffbfb000 rw-p 00000000 00:00 0 
7fbaffbfb000-7fbaffbfc000 ---p 00000000 00:00 0 
7fbaffbfc000-7fbb00000000 rw-p 00000000 00:00 0 
7fbb00000000-7fbb00021000 rw-p 00000000 00:00 0 
7fbb00021000-7fbb04000000 ---p 00000000 00:00 0 
7fbb040eb000-7fbb063ee000 rw-p 00000000 00:00 0 
7fbb063ee000-7fbb0665e000 rwxp 00000000 00:00 0 
7fbb0665e000-7fbb0697f000 ---p 00000000 00:00 0 
7fbb0697f000-7fbb06e3f000 rwxp 00000000 00:00 0 
7fbb06e3f000-7fbb0deb6000 ---p 00000000 00:00 0 
7fbb0deb6000-7fbb0e126000 rwxp 00000000 00:00 0 
7fbb0e126000-7fbb153ee000 ---p 00000000 00:00 0 
7fbb153ee000-7fbb18000000 r--s 00000000 08:06 4923899                    /home/usama/.vscode/extensions/redhat.java-1.14.0-linux-x64/jre/17.0.5-linux-x86_64/lib/modules
7fbb18000000-7fbb18566000 rw-p 00000000 00:00 0 
7fbb18566000-7fbb1c000000 ---p 00000000 00:00 0 
7fbb1c0af000-7fbb1c0b3000 ---p 00000000 00:00 0 
7fbb1c0b3000-7fbb1c0d1000 rw-p 00000000 00:00 0 
7fbb1c0d1000-7fbb1c0d5000 r--p 00000000 08:06 4923897                    /home/usama/.vscode/extensions/redhat.java-1.14.0-linux-x64/jre/17.0.5-linux-x86_64/lib/libverify.so
7fbb1c0d5000-7fbb1c0dc000 r-xp 00004000 08:06 4923897                    /home/usama/.vscode/extensions/redhat.java-1.14.0-linux-x64/jre/17.0.5-linux-x86_64/lib/libverify.so
7fbb1c0dc000-7fbb1c0de000 r--p 0000b000 08:06 4923897                    /home/usama/.vscode/extensions/redhat.java-1.14.0-linux-x64/jre/17.0.5-linux-x86_64/lib/libverify.so
7fbb1c0de000-7fbb1c0e0000 r--p 0000c000 08:06 4923897                    /home/usama/.vscode/extensions/redhat.java-1.14.0-linux-x64/jre/17.0.5-linux-x86_64/lib/libverify.so
7fbb1c0e0000-7fbb1c0e1000 rw-p 0000e000 08:06 4923897                    /home/usama/.vscode/extensions/redhat.java-1.14.0-linux-x64/jre/17.0.5-linux-x86_64/lib/libverify.so
7fbb1c0e1000-7fbb1c0e5000 r--p 00000000 08:06 4923890                    /home/usama/.vscode/extensions/redhat.java-1.14.0-linux-x64/jre/17.0.5-linux-x86_64/lib/libnet.so
7fbb1c0e5000-7fbb1c0f3000 r-xp 00004000 08:06 4923890                    /home/usama/.vscode/extensions/redhat.java-1.14.0-linux-x64/jre/17.0.5-linux-x86_64/lib/libnet.so
7fbb1c0f3000-7fbb1c0f7000 r--p 00012000 08:06 4923890                    /home/usama/.vscode/extensions/redhat.java-1.14.0-linux-x64/jre/17.0.5-linux-x86_64/lib/libnet.so
7fbb1c0f7000-7fbb1c0f8000 r--p 00015000 08:06 4923890                    /home/usama/.vscode/extensions/redhat.java-1.14.0-linux-x64/jre/17.0.5-linux-x86_64/lib/libnet.so
7fbb1c0f8000-7fbb1c0f9000 rw-p 00016000 08:06 4923890                    /home/usama/.vscode/extensions/redhat.java-1.14.0-linux-x64/jre/17.0.5-linux-x86_64/lib/libnet.so
7fbb1c0f9000-7fbb1cc00000 rw-p 00000000 00:00 0 
7fbb1cc00000-7fbb1cc80000 rw-p 00000000 00:00 0 
7fbb1cc80000-7fbb1cd00000 rw-p 00000000 00:00 0 
7fbb1cd00000-7fbb1d000000 rw-p 00000000 00:00 0 
7fbb1d004000-7fbb1d00b000 r--s 00000000 08:06 3197118                    /usr/lib/x86_64-linux-gnu/gconv/gconv-modules.cache
7fbb1d00b000-7fbb1d012000 r--p 00000000 08:06 4923891                    /home/usama/.vscode/extensions/redhat.java-1.14.0-linux-x64/jre/17.0.5-linux-x86_64/lib/libnio.so
7fbb1d012000-7fbb1d01b000 r-xp 00007000 08:06 4923891                    /home/usama/.vscode/extensions/redhat.java-1.14.0-linux-x64/jre/17.0.5-linux-x86_64/lib/libnio.so
7fbb1d01b000-7fbb1d01f000 r--p 00010000 08:06 4923891                    /home/usama/.vscode/extensions/redhat.java-1.14.0-linux-x64/jre/17.0.5-linux-x86_64/lib/libnio.so
7fbb1d01f000-7fbb1d020000 ---p 00014000 08:06 4923891                    /home/usama/.vscode/extensions/redhat.java-1.14.0-linux-x64/jre/17.0.5-linux-x86_64/lib/libnio.so
7fbb1d020000-7fbb1d021000 r--p 00014000 08:06 4923891                    /home/usama/.vscode/extensions/redhat.java-1.14.0-linux-x64/jre/17.0.5-linux-x86_64/lib/libnio.so
7fbb1d021000-7fbb1d022000 rw-p 00015000 08:06 4923891                    /home/usama/.vscode/extensions/redhat.java-1.14.0-linux-x64/jre/17.0.5-linux-x86_64/lib/libnio.so
7fbb1d022000-7fbb1d224000 rw-p 00000000 00:00 0 
7fbb1d224000-7fbb1d226000 r--p 00000000 08:06 4923898                    /home/usama/.vscode/extensions/redhat.java-1.14.0-linux-x64/jre/17.0.5-linux-x86_64/lib/libzip.so
7fbb1d226000-7fbb1d22a000 r-xp 00002000 08:06 4923898                    /home/usama/.vscode/extensions/redhat.java-1.14.0-linux-x64/jre/17.0.5-linux-x86_64/lib/libzip.so
7fbb1d22a000-7fbb1d22c000 r--p 00006000 08:06 4923898                    /home/usama/.vscode/extensions/redhat.java-1.14.0-linux-x64/jre/17.0.5-linux-x86_64/lib/libzip.so
7fbb1d22c000-7fbb1d22d000 r--p 00007000 08:06 4923898                    /home/usama/.vscode/extensions/redhat.java-1.14.0-linux-x64/jre/17.0.5-linux-x86_64/lib/libzip.so
7fbb1d22d000-7fbb1d22e000 rw-p 00008000 08:06 4923898                    /home/usama/.vscode/extensions/redhat.java-1.14.0-linux-x64/jre/17.0.5-linux-x86_64/lib/libzip.so
7fbb1d22e000-7fbb1d581000 rw-p 00000000 00:00 0 
7fbb1d581000-7fbb1d6b5000 ---p 00000000 00:00 0 
7fbb1d6b5000-7fbb1d6b6000 ---p 00000000 00:00 0 
7fbb1d6b6000-7fbb1d7d9000 rw-p 00000000 00:00 0 
7fbb1d7d9000-7fbb1d90c000 ---p 00000000 00:00 0 
7fbb1d90c000-7fbb1d91b000 rw-p 00000000 00:00 0 
7fbb1d91b000-7fbb1d9b7000 ---p 00000000 00:00 0 
7fbb1d9b7000-7fbb1d9bd000 rw-p 00000000 00:00 0 
7fbb1d9bd000-7fbb1daa3000 ---p 00000000 00:00 0 
7fbb1daa3000-7fbb1daad000 rw-p 00000000 00:00 0 
7fbb1daad000-7fbb1db8e000 ---p 00000000 00:00 0 
7fbb1db8e000-7fbb1db93000 rw-p 00000000 00:00 0 
7fbb1db93000-7fbb1db9a000 ---p 00000000 00:00 0 
7fbb1db9a000-7fbb1dba2000 rw-s 00000000 08:06 2032327                    /tmp/hsperfdata_usama/99086
7fbb1dba2000-7fbb1dbaf000 r--p 00000000 08:06 4923877                    /home/usama/.vscode/extensions/redhat.java-1.14.0-linux-x64/jre/17.0.5-linux-x86_64/lib/libjava.so
7fbb1dbaf000-7fbb1dbc1000 r-xp 0000d000 08:06 4923877                    /home/usama/.vscode/extensions/redhat.java-1.14.0-linux-x64/jre/17.0.5-linux-x86_64/lib/libjava.so
7fbb1dbc1000-7fbb1dbc7000 r--p 0001f000 08:06 4923877                    /home/usama/.vscode/extensions/redhat.java-1.14.0-linux-x64/jre/17.0.5-linux-x86_64/lib/libjava.so
7fbb1dbc7000-7fbb1dbc8000 ---p 00025000 08:06 4923877                    /home/usama/.vscode/extensions/redhat.java-1.14.0-linux-x64/jre/17.0.5-linux-x86_64/lib/libjava.so
7fbb1dbc8000-7fbb1dbc9000 r--p 00025000 08:06 4923877                    /home/usama/.vscode/extensions/redhat.java-1.14.0-linux-x64/jre/17.0.5-linux-x86_64/lib/libjava.so
7fbb1dbc9000-7fbb1dbca000 rw-p 00026000 08:06 4923877                    /home/usama/.vscode/extensions/redhat.java-1.14.0-linux-x64/jre/17.0.5-linux-x86_64/lib/libjava.so
7fbb1dbca000-7fbb1dbcb000 rw-p 00000000 00:00 0 
7fbb1dbcb000-7fbb1dbcd000 r--p 00000000 08:06 4923872                    /home/usama/.vscode/extensions/redhat.java-1.14.0-linux-x64/jre/17.0.5-linux-x86_64/lib/libinstrument.so
7fbb1dbcd000-7fbb1dbd3000 r-xp 00002000 08:06 4923872                    /home/usama/.vscode/extensions/redhat.java-1.14.0-linux-x64/jre/17.0.5-linux-x86_64/lib/libinstrument.so
7fbb1dbd3000-7fbb1dbd6000 r--p 00008000 08:06 4923872                    /home/usama/.vscode/extensions/redhat.java-1.14.0-linux-x64/jre/17.0.5-linux-x86_64/lib/libinstrument.so
7fbb1dbd6000-7fbb1dbd7000 r--p 0000a000 08:06 4923872                    /home/usama/.vscode/extensions/redhat.java-1.14.0-linux-x64/jre/17.0.5-linux-x86_64/lib/libinstrument.so
7fbb1dbd7000-7fbb1dbd8000 rw-p 0000b000 08:06 4923872                    /home/usama/.vscode/extensions/redhat.java-1.14.0-linux-x64/jre/17.0.5-linux-x86_64/lib/libinstrument.so
7fbb1dbd8000-7fbb1dbd9000 ---p 00000000 00:00 0 
7fbb1dbd9000-7fbb1dbda000 r--p 00000000 00:00 0 
7fbb1dbda000-7fbb1dbde000 ---p 00000000 00:00 0 
7fbb1dbde000-7fbb1dcda000 rw-p 00000000 00:00 0 
7fbb1dcda000-7fbb1dce8000 r--p 00000000 08:06 3116871                    /usr/lib/x86_64-linux-gnu/libm.so.6
7fbb1dce8000-7fbb1dd64000 r-xp 0000e000 08:06 3116871                    /usr/lib/x86_64-linux-gnu/libm.so.6
7fbb1dd64000-7fbb1ddbf000 r--p 0008a000 08:06 3116871                    /usr/lib/x86_64-linux-gnu/libm.so.6
7fbb1ddbf000-7fbb1ddc0000 r--p 000e4000 08:06 3116871                    /usr/lib/x86_64-linux-gnu/libm.so.6
7fbb1ddc0000-7fbb1ddc1000 rw-p 000e5000 08:06 3116871                    /usr/lib/x86_64-linux-gnu/libm.so.6
7fbb1ddc1000-7fbb1ddc2000 r--p 00000000 08:06 3117193                    /usr/lib/x86_64-linux-gnu/librt.so.1
7fbb1ddc2000-7fbb1ddc3000 r-xp 00001000 08:06 3117193                    /usr/lib/x86_64-linux-gnu/librt.so.1
7fbb1ddc3000-7fbb1ddc4000 r--p 00002000 08:06 3117193                    /usr/lib/x86_64-linux-gnu/librt.so.1
7fbb1ddc4000-7fbb1ddc5000 r--p 00002000 08:06 3117193                    /usr/lib/x86_64-linux-gnu/librt.so.1
7fbb1ddc5000-7fbb1ddc6000 rw-p 00003000 08:06 3117193                    /usr/lib/x86_64-linux-gnu/librt.so.1
7fbb1ddc6000-7fbb1e018000 r--p 00000000 08:06 4923909                    /home/usama/.vscode/extensions/redhat.java-1.14.0-linux-x64/jre/17.0.5-linux-x86_64/lib/server/libjvm.so
7fbb1e018000-7fbb1ed31000 r-xp 00252000 08:06 4923909                    /home/usama/.vscode/extensions/redhat.java-1.14.0-linux-x64/jre/17.0.5-linux-x86_64/lib/server/libjvm.so
7fbb1ed31000-7fbb1efbc000 r--p 00f6b000 08:06 4923909                    /home/usama/.vscode/extensions/redhat.java-1.14.0-linux-x64/jre/17.0.5-linux-x86_64/lib/server/libjvm.so
7fbb1efbc000-7fbb1efbd000 ---p 011f6000 08:06 4923909                    /home/usama/.vscode/extensions/redhat.java-1.14.0-linux-x64/jre/17.0.5-linux-x86_64/lib/server/libjvm.so
7fbb1efbd000-7fbb1f076000 r--p 011f6000 08:06 4923909                    /home/usama/.vscode/extensions/redhat.java-1.14.0-linux-x64/jre/17.0.5-linux-x86_64/lib/server/libjvm.so
7fbb1f076000-7fbb1f0ab000 rw-p 012af000 08:06 4923909                    /home/usama/.vscode/extensions/redhat.java-1.14.0-linux-x64/jre/17.0.5-linux-x86_64/lib/server/libjvm.so
7fbb1f0ab000-7fbb1f109000 rw-p 00000000 00:00 0 
7fbb1f109000-7fbb1f131000 r--p 00000000 08:06 3116222                    /usr/lib/x86_64-linux-gnu/libc.so.6
7fbb1f131000-7fbb1f2c6000 r-xp 00028000 08:06 3116222                    /usr/lib/x86_64-linux-gnu/libc.so.6
7fbb1f2c6000-7fbb1f31e000 r--p 001bd000 08:06 3116222                    /usr/lib/x86_64-linux-gnu/libc.so.6
7fbb1f31e000-7fbb1f322000 r--p 00214000 08:06 3116222                    /usr/lib/x86_64-linux-gnu/libc.so.6
7fbb1f322000-7fbb1f324000 rw-p 00218000 08:06 3116222                    /usr/lib/x86_64-linux-gnu/libc.so.6
7fbb1f324000-7fbb1f331000 rw-p 00000000 00:00 0 
7fbb1f331000-7fbb1f332000 r--p 00000000 08:06 3116364                    /usr/lib/x86_64-linux-gnu/libdl.so.2
7fbb1f332000-7fbb1f333000 r-xp 00001000 08:06 3116364                    /usr/lib/x86_64-linux-gnu/libdl.so.2
7fbb1f333000-7fbb1f334000 r--p 00002000 08:06 3116364                    /usr/lib/x86_64-linux-gnu/libdl.so.2
7fbb1f334000-7fbb1f335000 r--p 00002000 08:06 3116364                    /usr/lib/x86_64-linux-gnu/libdl.so.2
7fbb1f335000-7fbb1f336000 rw-p 00003000 08:06 3116364                    /usr/lib/x86_64-linux-gnu/libdl.so.2
7fbb1f336000-7fbb1f337000 r--p 00000000 08:06 3117137                    /usr/lib/x86_64-linux-gnu/libpthread.so.0
7fbb1f337000-7fbb1f338000 r-xp 00001000 08:06 3117137                    /usr/lib/x86_64-linux-gnu/libpthread.so.0
7fbb1f338000-7fbb1f339000 r--p 00002000 08:06 3117137                    /usr/lib/x86_64-linux-gnu/libpthread.so.0
7fbb1f339000-7fbb1f33a000 r--p 00002000 08:06 3117137                    /usr/lib/x86_64-linux-gnu/libpthread.so.0
7fbb1f33a000-7fbb1f33b000 rw-p 00003000 08:06 3117137                    /usr/lib/x86_64-linux-gnu/libpthread.so.0
7fbb1f33b000-7fbb1f33e000 r--p 00000000 08:06 4923882                    /home/usama/.vscode/extensions/redhat.java-1.14.0-linux-x64/jre/17.0.5-linux-x86_64/lib/libjli.so
7fbb1f33e000-7fbb1f348000 r-xp 00003000 08:06 4923882                    /home/usama/.vscode/extensions/redhat.java-1.14.0-linux-x64/jre/17.0.5-linux-x86_64/lib/libjli.so
7fbb1f348000-7fbb1f34b000 r--p 0000d000 08:06 4923882                    /home/usama/.vscode/extensions/redhat.java-1.14.0-linux-x64/jre/17.0.5-linux-x86_64/lib/libjli.so
7fbb1f34b000-7fbb1f34c000 ---p 00010000 08:06 4923882                    /home/usama/.vscode/extensions/redhat.java-1.14.0-linux-x64/jre/17.0.5-linux-x86_64/lib/libjli.so
7fbb1f34c000-7fbb1f34d000 r--p 00010000 08:06 4923882                    /home/usama/.vscode/extensions/redhat.java-1.14.0-linux-x64/jre/17.0.5-linux-x86_64/lib/libjli.so
7fbb1f34d000-7fbb1f34e000 rw-p 00011000 08:06 4923882                    /home/usama/.vscode/extensions/redhat.java-1.14.0-linux-x64/jre/17.0.5-linux-x86_64/lib/libjli.so
7fbb1f34e000-7fbb1f350000 r--p 00000000 08:06 3115361                    /usr/lib/x86_64-linux-gnu/libz.so.1.2.11
7fbb1f350000-7fbb1f361000 r-xp 00002000 08:06 3115361                    /usr/lib/x86_64-linux-gnu/libz.so.1.2.11
7fbb1f361000-7fbb1f367000 r--p 00013000 08:06 3115361                    /usr/lib/x86_64-linux-gnu/libz.so.1.2.11
7fbb1f367000-7fbb1f368000 ---p 00019000 08:06 3115361                    /usr/lib/x86_64-linux-gnu/libz.so.1.2.11
7fbb1f368000-7fbb1f369000 r--p 00019000 08:06 3115361                    /usr/lib/x86_64-linux-gnu/libz.so.1.2.11
7fbb1f369000-7fbb1f36a000 rw-p 0001a000 08:06 3115361                    /usr/lib/x86_64-linux-gnu/libz.so.1.2.11
7fbb1f36b000-7fbb1f36f000 r--p 00000000 08:06 4923881                    /home/usama/.vscode/extensions/redhat.java-1.14.0-linux-x64/jre/17.0.5-linux-x86_64/lib/libjimage.so
7fbb1f36f000-7fbb1f382000 r-xp 00004000 08:06 4923881                    /home/usama/.vscode/extensions/redhat.java-1.14.0-linux-x64/jre/17.0.5-linux-x86_64/lib/libjimage.so
7fbb1f382000-7fbb1f388000 r--p 00017000 08:06 4923881                    /home/usama/.vscode/extensions/redhat.java-1.14.0-linux-x64/jre/17.0.5-linux-x86_64/lib/libjimage.so
7fbb1f388000-7fbb1f38a000 r--p 0001c000 08:06 4923881                    /home/usama/.vscode/extensions/redhat.java-1.14.0-linux-x64/jre/17.0.5-linux-x86_64/lib/libjimage.so
7fbb1f38a000-7fbb1f38b000 rw-p 0001e000 08:06 4923881                    /home/usama/.vscode/extensions/redhat.java-1.14.0-linux-x64/jre/17.0.5-linux-x86_64/lib/libjimage.so
7fbb1f38b000-7fbb1f38d000 rw-p 00000000 00:00 0 
7fbb1f38d000-7fbb1f38f000 r--p 00000000 08:06 3115887                    /usr/lib/x86_64-linux-gnu/ld-linux-x86-64.so.2
7fbb1f38f000-7fbb1f3b9000 r-xp 00002000 08:06 3115887                    /usr/lib/x86_64-linux-gnu/ld-linux-x86-64.so.2
7fbb1f3b9000-7fbb1f3c4000 r--p 0002c000 08:06 3115887                    /usr/lib/x86_64-linux-gnu/ld-linux-x86-64.so.2
7fbb1f3c4000-7fbb1f3c5000 ---p 00000000 00:00 0 
7fbb1f3c5000-7fbb1f3c7000 r--p 00037000 08:06 3115887                    /usr/lib/x86_64-linux-gnu/ld-linux-x86-64.so.2
7fbb1f3c7000-7fbb1f3c9000 rw-p 00039000 08:06 3115887                    /usr/lib/x86_64-linux-gnu/ld-linux-x86-64.so.2
7ffebe64e000-7ffebe670000 rw-p 00000000 00:00 0                          [stack]
7ffebe776000-7ffebe77a000 r--p 00000000 00:00 0                          [vvar]
7ffebe77a000-7ffebe77c000 r-xp 00000000 00:00 0                          [vdso]
ffffffffff600000-ffffffffff601000 --xp 00000000 00:00 0                  [vsyscall]


VM Arguments:
jvm_args: --add-modules=ALL-SYSTEM --add-opens=java.base/java.util=ALL-UNNAMED --add-opens=java.base/java.lang=ALL-UNNAMED --add-opens=java.base/sun.nio.fs=ALL-UNNAMED -Declipse.application=org.eclipse.jdt.ls.core.id1 -Dosgi.bundles.defaultStartLevel=4 -Declipse.product=org.eclipse.jdt.ls.core.product -Djava.import.generatesMetadataFilesAtProjectRoot=false -Dfile.encoding=utf8 -XX:+UseParallelGC -XX:GCTimeRatio=4 -XX:AdaptiveSizePolicyWeight=90 -Dsun.zip.disableMemoryMapping=true -Xmx1G -Xms100m -Xlog:disable -javaagent:/home/usama/.vscode/extensions/redhat.java-1.14.0-linux-x64/lombok/lombok-1.18.24.jar 
java_command: /home/usama/.vscode/extensions/redhat.java-1.14.0-linux-x64/server/plugins/org.eclipse.equinox.launcher_1.6.400.v20210924-0641.jar -configuration /home/usama/.config/Code/User/globalStorage/redhat.java/1.14.0/config_ss_linux -data /home/usama/.config/Code/User/workspaceStorage/151e6bd1c1d25437f61939813e1a720e/redhat.java/ss_ws
java_class_path (initial): /home/usama/.vscode/extensions/redhat.java-1.14.0-linux-x64/server/plugins/org.eclipse.equinox.launcher_1.6.400.v20210924-0641.jar
Launcher Type: SUN_STANDARD

[Global flags]
    uintx AdaptiveSizePolicyWeight                 = 90                                        {product} {command line}
     intx CICompilerCount                          = 3                                         {product} {ergonomic}
    uintx GCTimeRatio                              = 4                                         {product} {command line}
   size_t InitialHeapSize                          = 104857600                                 {product} {command line}
   size_t MaxHeapSize                              = 1073741824                                {product} {command line}
   size_t MaxNewSize                               = 357564416                                 {product} {ergonomic}
   size_t MinHeapDeltaBytes                        = 524288                                    {product} {ergonomic}
   size_t MinHeapSize                              = 104857600                                 {product} {command line}
   size_t NewSize                                  = 34603008                                  {product} {ergonomic}
    uintx NonNMethodCodeHeapSize                   = 5832780                                {pd product} {ergonomic}
    uintx NonProfiledCodeHeapSize                  = 122912730                              {pd product} {ergonomic}
   size_t OldSize                                  = 70254592                                  {product} {ergonomic}
    uintx ProfiledCodeHeapSize                     = 122912730                              {pd product} {ergonomic}
    uintx ReservedCodeCacheSize                    = 251658240                              {pd product} {ergonomic}
     bool SegmentedCodeCache                       = true                                      {product} {ergonomic}
   size_t SoftMaxHeapSize                          = 1073741824                             {manageable} {ergonomic}
     bool UseCompressedClassPointers               = true                           {product lp64_product} {ergonomic}
     bool UseCompressedOops                        = true                           {product lp64_product} {ergonomic}
     bool UseParallelGC                            = true                                      {product} {command line}

Logging:
Log output configuration:
 #0: stdout all=off uptime,level,tags
 #1: stderr all=off uptime,level,tags

Environment Variables:
PATH=/home/usama/.local/bin:/home/usama/.local/bin:/home/usama/.local/bin:/home/usama/.local/bin:/home/usama/.local/bin:/home/usama/.local/bin:/home/usama/.local/bin:/home/usama/.local/bin:/home/usama/.local/bin:/usr/local/sbin:/usr/local/bin:/usr/sbin:/usr/bin:/sbin:/bin:/usr/games:/usr/local/games:/snap/bin::/snap/bin
USERNAME=usama
SHELL=/bin/bash
DISPLAY=:0
LANG=en_IN

Signal Handlers:
   SIGSEGV: crash_handler in libjvm.so, mask=11100100010111111101111111111110, flags=SA_RESTART|SA_SIGINFO
    SIGBUS: crash_handler in libjvm.so, mask=11100100010111111101111111111110, flags=SA_RESTART|SA_SIGINFO
    SIGFPE: crash_handler in libjvm.so, mask=11100100010111111101111111111110, flags=SA_RESTART|SA_SIGINFO
   SIGPIPE: javaSignalHandler in libjvm.so, mask=11100100010111111101111111111110, flags=SA_RESTART|SA_SIGINFO
   SIGXFSZ: javaSignalHandler in libjvm.so, mask=11100100010111111101111111111110, flags=SA_RESTART|SA_SIGINFO
    SIGILL: crash_handler in libjvm.so, mask=11100100010111111101111111111110, flags=SA_RESTART|SA_SIGINFO
   SIGUSR2: SR_handler in libjvm.so, mask=00000000000000000000000000000000, flags=SA_RESTART|SA_SIGINFO
    SIGHUP: UserHandler in libjvm.so, mask=11100100010111111101111111111110, flags=SA_RESTART|SA_SIGINFO
    SIGINT: UserHandler in libjvm.so, mask=11100100010111111101111111111110, flags=SA_RESTART|SA_SIGINFO
   SIGTERM: UserHandler in libjvm.so, mask=11100100010111111101111111111110, flags=SA_RESTART|SA_SIGINFO
   SIGQUIT: UserHandler in libjvm.so, mask=11100100010111111101111111111110, flags=SA_RESTART|SA_SIGINFO
  *** Handler was modified!
  *** Expected: javaSignalHandler in libjvm.so, mask=11100100110111111111111111111110, flags=SA_RESTART|SA_SIGINFO
   SIGTRAP: crash_handler in libjvm.so, mask=11100100010111111101111111111110, flags=SA_RESTART|SA_SIGINFO


---------------  S Y S T E M  ---------------

OS:
DISTRIB_ID=Ubuntu
DISTRIB_RELEASE=22.04
DISTRIB_CODENAME=jammy
DISTRIB_DESCRIPTION="Ubuntu 22.04.1 LTS"
uname: Linux 5.17.0-1003-oem #3-Ubuntu SMP PREEMPT Wed Mar 23 13:35:37 UTC 2022 x86_64
OS uptime: 0 days 1:23 hours
libc: glibc 2.35 NPTL 2.35 
rlimit (soft/hard): STACK 8192k/infinity , CORE 0k/infinity , NPROC 47240/47240 , NOFILE 1048576/1048576 , AS infinity/infinity , CPU infinity/infinity , DATA infinity/infinity , FSIZE infinity/infinity , MEMLOCK 1521076k/1521076k
load average: 3.57 1.73 1.37

/proc/meminfo:
MemTotal:       12168616 kB
MemFree:          834524 kB
MemAvailable:    5980012 kB
Buffers:          287140 kB
Cached:          5370336 kB
SwapCached:            0 kB
Active:          2225404 kB
Inactive:        8183692 kB
Active(anon):      12380 kB
Inactive(anon):  5234064 kB
Active(file):    2213024 kB
Inactive(file):  2949628 kB
Unevictable:      247180 kB
Mlocked:             168 kB
SwapTotal:             0 kB
SwapFree:              0 kB
Dirty:              1096 kB
Writeback:            12 kB
AnonPages:       4999060 kB
Mapped:          1127244 kB
Shmem:            494620 kB
KReclaimable:     304128 kB
Slab:             456672 kB
SReclaimable:     304128 kB
SUnreclaim:       152544 kB
KernelStack:       24168 kB
PageTables:        89756 kB
NFS_Unstable:          0 kB
Bounce:                0 kB
WritebackTmp:          0 kB
CommitLimit:     6084308 kB
Committed_AS:   18694712 kB
VmallocTotal:   34359738367 kB
VmallocUsed:       51384 kB
VmallocChunk:          0 kB
Percpu:             6560 kB
HardwareCorrupted:     0 kB
AnonHugePages:         0 kB
ShmemHugePages:   186368 kB
ShmemPmdMapped:     4096 kB
FileHugePages:         0 kB
FilePmdMapped:         0 kB
HugePages_Total:       0
HugePages_Free:        0
HugePages_Rsvd:        0
HugePages_Surp:        0
Hugepagesize:       2048 kB
Hugetlb:               0 kB
DirectMap4k:      473936 kB
DirectMap2M:    12019712 kB
DirectMap1G:           0 kB

/sys/kernel/mm/transparent_hugepage/enabled: always [madvise] never
/sys/kernel/mm/transparent_hugepage/defrag (defrag/compaction efforts parameter): always defer defer+madvise [madvise] never

Process Memory:
Virtual Size: 4378556K (peak: 4441420K)
Resident Set Size: 148804K (peak: 148804K) (anon: 120480K, file: 28324K, shmem: 0K)
Swapped out: 0K
C-Heap outstanding allocations: 51303K, retained: 12800K
glibc malloc tunables: (default)

/proc/sys/kernel/threads-max (system-wide limit on the number of threads): 94480
/proc/sys/vm/max_map_count (maximum number of memory map areas a process may have): 65530
/proc/sys/kernel/pid_max (system-wide limit on number of process identifiers): 4194304

container (cgroup) information:
container_type: cgroupv2
cpu_cpuset_cpus: not supported
cpu_memory_nodes: not supported
active_processor_count: 4
cpu_quota: not supported
cpu_period: not supported
cpu_shares: not supported
memory_limit_in_bytes: unlimited
memory_and_swap_limit_in_bytes: unlimited
memory_soft_limit_in_bytes: unlimited
memory_usage_in_bytes: 2226856 k
memory_max_usage_in_bytes: not supported
maximum number of tasks: 14172
current number of tasks: 307

Steal ticks since vm start: 0
Steal ticks percentage since vm start:  0.000

CPU: total 4 (initial active 4) (2 cores per cpu, 2 threads per core) family 6 model 94 stepping 3 microcode 0xf0, cx8, cmov, fxsr, ht, mmx, 3dnowpref, sse, sse2, sse3, ssse3, sse4.1, sse4.2, popcnt, lzcnt, tsc, tscinvbit, avx, avx2, aes, erms, clmul, bmi1, bmi2, adx, fma, vzeroupper, clflush, clflushopt
CPU Model and flags from /proc/cpuinfo:
model name	: Intel(R) Core(TM) i3-6100 CPU @ 3.70GHz
flags		: fpu vme de pse tsc msr pae mce cx8 apic sep mtrr pge mca cmov pat pse36 clflush dts acpi mmx fxsr sse sse2 ss ht tm pbe syscall nx pdpe1gb rdtscp lm constant_tsc art arch_perfmon pebs bts rep_good nopl xtopology nonstop_tsc cpuid aperfmperf pni pclmulqdq dtes64 monitor ds_cpl vmx est tm2 ssse3 sdbg fma cx16 xtpr pdcm pcid sse4_1 sse4_2 x2apic movbe popcnt tsc_deadline_timer aes xsave avx f16c rdrand lahf_lm abm 3dnowprefetch cpuid_fault invpcid_single pti ssbd ibrs ibpb stibp tpr_shadow vnmi flexpriority ept vpid ept_ad fsgsbase tsc_adjust bmi1 avx2 smep bmi2 erms invpcid mpx rdseed adx smap clflushopt intel_pt xsaveopt xsavec xgetbv1 xsaves dtherm arat pln pts hwp hwp_notify hwp_act_window hwp_epp md_clear flush_l1d arch_capabilities

Online cpus: 0-3
Offline cpus: 
BIOS frequency limitation: <Not Available>
Frequency switch latency (ns): 0
Available cpu frequencies: <Not Available>
Current governor: powersave
Core performance/turbo boost: <Not Available>

Memory: 4k page, physical 12168616k(834272k free), swap 0k(0k free)
Page Sizes: 4k

vm_info: OpenJDK 64-Bit Server VM (17.0.5+8) for linux-amd64 JRE (17.0.5+8), built on Oct 18 2022 00:00:00 by "temurin" with gcc 10.3.0

END.
